2026-05-19 09:34:13 [Test worker] INFO  com.main.app.AppApplicationTests - Starting AppApplicationTests using Java 17.0.9 with PID 35084 (started by msi in C:\privWork\workspace\webProject)
2026-05-19 09:34:13 [Test worker] DEBUG com.main.app.AppApplicationTests - Running with Spring Boot v3.3.1, Spring v6.1.10
2026-05-19 09:34:13 [Test worker] INFO  com.main.app.AppApplicationTests - No active profile set, falling back to 1 default profile: "default"
2026-05-19 09:34:13 [Test worker] DEBUG o.s.w.c.s.GenericWebApplicationContext - Refreshing org.springframework.web.context.support.GenericWebApplicationContext@4e4c3a38
2026-05-19 09:34:15 [Test worker] INFO  o.s.d.r.c.RepositoryConfigurationDelegate - Bootstrapping Spring Data JPA repositories in DEFAULT mode.
2026-05-19 09:34:15 [Test worker] INFO  o.s.d.r.c.RepositoryConfigurationDelegate - Finished Spring Data repository scanning in 158 ms. Found 0 JPA repository interfaces.
2026-05-19 09:34:15 [Test worker] DEBUG o.m.s.mapper.ClassPathMapperScanner - Identified candidate component class: file [C:\privWork\workspace\webProject\build\classes\java\main\com\main\app\auth\mapper\UserMapper.class]
2026-05-19 09:34:15 [Test worker] DEBUG o.m.s.mapper.ClassPathMapperScanner - Identified candidate component class: file [C:\privWork\workspace\webProject\build\classes\java\main\com\main\app\common\mapper\AutoNoMapper.class]
2026-05-19 09:34:15 [Test worker] DEBUG o.m.s.mapper.ClassPathMapperScanner - Identified candidate component class: file [C:\privWork\workspace\webProject\build\classes\java\main\com\main\app\common\mapper\BoardMapper.class]
2026-05-19 09:34:15 [Test worker] DEBUG o.m.s.mapper.ClassPathMapperScanner - Identified candidate component class: file [C:\privWork\workspace\webProject\build\classes\java\main\com\main\app\common\mapper\MenuMapper.class]
2026-05-19 09:34:15 [Test worker] DEBUG o.m.s.mapper.ClassPathMapperScanner - Creating MapperFactoryBean with name 'userMapper' and 'com.main.app.auth.mapper.UserMapper' mapperInterface
2026-05-19 09:34:15 [Test worker] DEBUG o.m.s.mapper.ClassPathMapperScanner - Enabling autowire by type for MapperFactoryBean with name 'userMapper'.
2026-05-19 09:34:15 [Test worker] DEBUG o.m.s.mapper.ClassPathMapperScanner - Creating MapperFactoryBean with name 'autoNoMapper' and 'com.main.app.common.mapper.AutoNoMapper' mapperInterface
2026-05-19 09:34:15 [Test worker] DEBUG o.m.s.mapper.ClassPathMapperScanner - Enabling autowire by type for MapperFactoryBean with name 'autoNoMapper'.
2026-05-19 09:34:15 [Test worker] DEBUG o.m.s.mapper.ClassPathMapperScanner - Creating MapperFactoryBean with name 'boardMapper' and 'com.main.app.common.mapper.BoardMapper' mapperInterface
2026-05-19 09:34:15 [Test worker] DEBUG o.m.s.mapper.ClassPathMapperScanner - Enabling autowire by type for MapperFactoryBean with name 'boardMapper'.
2026-05-19 09:34:15 [Test worker] DEBUG o.m.s.mapper.ClassPathMapperScanner - Creating MapperFactoryBean with name 'menuMapper' and 'com.main.app.common.mapper.MenuMapper' mapperInterface
2026-05-19 09:34:15 [Test worker] DEBUG o.m.s.mapper.ClassPathMapperScanner - Enabling autowire by type for MapperFactoryBean with name 'menuMapper'.
2026-05-19 09:34:16 [Test worker] INFO  com.zaxxer.hikari.HikariDataSource - HikariPool-1 - Starting...
2026-05-19 09:34:17 [Test worker] INFO  com.zaxxer.hikari.pool.HikariPool - HikariPool-1 - Added connection org.postgresql.jdbc.PgConnection@6c2a95d5
2026-05-19 09:34:17 [Test worker] INFO  com.zaxxer.hikari.HikariDataSource - HikariPool-1 - Start completed.
2026-05-19 09:34:17 [Test worker] INFO  o.h.jpa.internal.util.LogHelper - HHH000204: Processing PersistenceUnitInfo [name: default]
2026-05-19 09:34:18 [Test worker] INFO  org.hibernate.Version - HHH000412: Hibernate ORM core version 6.5.2.Final
2026-05-19 09:34:18 [Test worker] INFO  o.h.c.i.RegionFactoryInitiator - HHH000026: Second-level cache disabled
2026-05-19 09:34:19 [Test worker] INFO  o.s.o.j.p.SpringPersistenceUnitInfo - No LoadTimeWeaver setup: ignoring JPA class transformer
2026-05-19 09:34:20 [Test worker] INFO  o.h.e.t.j.p.i.JtaPlatformInitiator - HHH000489: No JTA platform available (set 'hibernate.transaction.jta.platform' to enable JTA platform integration)
2026-05-19 09:34:20 [Test worker] INFO  o.s.o.j.LocalContainerEntityManagerFactoryBean - Initialized JPA EntityManagerFactory for persistence unit 'default'
2026-05-19 09:34:20 [Test worker] DEBUG o.m.spring.SqlSessionFactoryBean - Parsed mapper file: 'file [C:\privWork\workspace\webProject\build\resources\main\mapper\auth\UserMapper.xml]'
2026-05-19 09:34:20 [Test worker] DEBUG o.m.spring.SqlSessionFactoryBean - Parsed mapper file: 'file [C:\privWork\workspace\webProject\build\resources\main\mapper\common\AutoNoMapper.xml]'
2026-05-19 09:34:21 [Test worker] DEBUG o.m.spring.SqlSessionFactoryBean - Parsed mapper file: 'file [C:\privWork\workspace\webProject\build\resources\main\mapper\common\MenuMapper.xml]'
2026-05-19 09:34:21 [Test worker] DEBUG o.m.spring.SqlSessionFactoryBean - Parsed mapper file: 'file [C:\privWork\workspace\webProject\build\resources\main\mapper\community\BoardMapper.xml]'
2026-05-19 09:34:21 [Test worker] DEBUG o.m.spring.SqlSessionFactoryBean - Parsed mapper file: 'file [C:\privWork\workspace\webProject\build\resources\main\mapper\community\facilities\FacilitiesMapper.xml]'
2026-05-19 09:34:21 [Test worker] DEBUG o.m.spring.SqlSessionFactoryBean - Parsed mapper file: 'file [C:\privWork\workspace\webProject\build\resources\main\mapper\community\group\GroupMapper.xml]'
2026-05-19 09:34:21 [Test worker] DEBUG o.m.spring.SqlSessionFactoryBean - Parsed mapper file: 'file [C:\privWork\workspace\webProject\build\resources\main\mapper\community\qna\QnaMapper.xml]'
2026-05-19 09:34:21 [Test worker] DEBUG o.m.spring.SqlSessionFactoryBean - Parsed mapper file: 'file [C:\privWork\workspace\webProject\build\resources\main\mapper\community\saint\SaintMapper.xml]'
2026-05-19 09:34:21 [Test worker] DEBUG o.m.spring.SqlSessionFactoryBean - Parsed mapper file: 'file [C:\privWork\workspace\webProject\build\resources\main\mapper\community\world\WorldMapper.xml]'
2026-05-19 09:34:21 [Test worker] DEBUG o.m.spring.SqlSessionFactoryBean - Parsed mapper file: 'file [C:\privWork\workspace\webProject\build\resources\main\mapper\erp\account\AccountMapper.xml]'
2026-05-19 09:34:21 [Test worker] DEBUG o.m.spring.SqlSessionFactoryBean - Parsed mapper file: 'file [C:\privWork\workspace\webProject\build\resources\main\mapper\erp\admin\AdminMapper.xml]'
2026-05-19 09:34:21 [Test worker] DEBUG o.m.spring.SqlSessionFactoryBean - Parsed mapper file: 'file [C:\privWork\workspace\webProject\build\resources\main\mapper\erp\comm\CommMapper.xml]'
2026-05-19 09:34:21 [Test worker] DEBUG o.m.spring.SqlSessionFactoryBean - Parsed mapper file: 'file [C:\privWork\workspace\webProject\build\resources\main\mapper\erp\event\EventMapper.xml]'
2026-05-19 09:34:21 [Test worker] DEBUG o.m.spring.SqlSessionFactoryBean - Parsed mapper file: 'file [C:\privWork\workspace\webProject\build\resources\main\mapper\erp\facility\FacilityMapper.xml]'
2026-05-19 09:34:21 [Test worker] DEBUG o.m.spring.SqlSessionFactoryBean - Parsed mapper file: 'file [C:\privWork\workspace\webProject\build\resources\main\mapper\erp\humen\HumenMapper.xml]'
2026-05-19 09:34:21 [Test worker] DEBUG o.m.spring.SqlSessionFactoryBean - Parsed mapper file: 'file [C:\privWork\workspace\webProject\build\resources\main\mapper\erp\ministry\MinistryMapper.xml]'
2026-05-19 09:34:21 [Test worker] DEBUG o.m.spring.SqlSessionFactoryBean - Parsed mapper file: 'file [C:\privWork\workspace\webProject\build\resources\main\mapper\erp\sermon\SermonMapper.xml]'
2026-05-19 09:34:21 [Test worker] DEBUG o.m.spring.SqlSessionFactoryBean - Parsed mapper file: 'file [C:\privWork\workspace\webProject\build\resources\main\mapper\erp\stats\StatsMapper.xml]'
2026-05-19 09:34:21 [Test worker] DEBUG o.m.spring.SqlSessionFactoryBean - Parsed mapper file: 'file [C:\privWork\workspace\webProject\build\resources\main\mapper\erp\training\TrainingMapper.xml]'
2026-05-19 09:34:21 [Test worker] DEBUG o.m.spring.SqlSessionFactoryBean - Parsed mapper file: 'file [C:\privWork\workspace\webProject\build\resources\main\mapper\official\about\AboutMapper.xml]'
2026-05-19 09:34:21 [Test worker] DEBUG o.m.spring.SqlSessionFactoryBean - Parsed mapper file: 'file [C:\privWork\workspace\webProject\build\resources\main\mapper\official\ministries\MinistriesMapper.xml]'
2026-05-19 09:34:21 [Test worker] DEBUG o.m.spring.SqlSessionFactoryBean - Parsed mapper file: 'file [C:\privWork\workspace\webProject\build\resources\main\mapper\official\news\NewsMapper.xml]'
2026-05-19 09:34:21 [Test worker] DEBUG o.m.spring.SqlSessionFactoryBean - Parsed mapper file: 'file [C:\privWork\workspace\webProject\build\resources\main\mapper\official\support\SupportMapper.xml]'
2026-05-19 09:34:21 [Test worker] DEBUG o.m.spring.SqlSessionFactoryBean - Parsed mapper file: 'file [C:\privWork\workspace\webProject\build\resources\main\mapper\official\worship\WorshipMapper.xml]'
2026-05-19 09:34:21 [Test worker] DEBUG o.m.spring.SqlSessionFactoryBean - Parsed mapper file: 'file [C:\privWork\workspace\webProject\build\resources\main\mapper\system\backup\BackupMapper.xml]'
2026-05-19 09:34:21 [Test worker] DEBUG o.m.spring.SqlSessionFactoryBean - Parsed mapper file: 'file [C:\privWork\workspace\webProject\build\resources\main\mapper\system\config\ConfigMapper.xml]'
2026-05-19 09:34:21 [Test worker] DEBUG o.m.spring.SqlSessionFactoryBean - Parsed mapper file: 'file [C:\privWork\workspace\webProject\build\resources\main\mapper\system\log\LogMapper.xml]'
2026-05-19 09:34:21 [Test worker] DEBUG o.m.spring.SqlSessionFactoryBean - Parsed mapper file: 'file [C:\privWork\workspace\webProject\build\resources\main\mapper\system\user\UserMapper.xml]'
2026-05-19 09:34:22 [Test worker] WARN  o.s.b.a.o.j.JpaBaseConfiguration$JpaWebConfiguration - spring.jpa.open-in-view is enabled by default. Therefore, database queries may be performed during view rendering. Explicitly configure spring.jpa.open-in-view to disable this warning
2026-05-19 09:34:22 [Test worker] WARN  o.s.b.a.s.s.UserDetailsServiceAutoConfiguration - 

Using generated security password: d7b63bca-3cb9-44bc-9713-2208dddc07ae

This generated password is for development use only. Your security configuration must be updated before running your application in production.

2026-05-19 09:34:22 [Test worker] INFO  o.s.s.c.a.a.c.InitializeUserDetailsBeanManagerConfigurer$InitializeUserDetailsManagerConfigurer - Global AuthenticationManager configured with UserDetailsService bean with name inMemoryUserDetailsManager
2026-05-19 09:34:23 [Test worker] TRACE o.s.w.s.m.m.a.RequestMappingHandlerMapping - 
	c.m.a.a.c.AuthController:
	{POST [/api/auth/register]}: register(RegisterRequest)
	{GET [/api/auth/me]}: me(HttpSession)
	{GET [/api/auth/check]}: check(HttpSession)
	{POST [/api/auth/login]}: login(LoginRequest,HttpSession)
	{POST [/api/auth/logout]}: logout(HttpSession)
	{GET [/api/auth/check-email]}: checkEmail(String)
	{GET [/api/auth/check-userid]}: checkUserId(String)
2026-05-19 09:34:23 [Test worker] TRACE o.s.w.s.m.m.a.RequestMappingHandlerMapping - 
	c.m.a.a.c.UserController:
	{POST [/user/register]}: register(UserDto,RedirectAttributes)
	{GET [/user/api/auth/me]}: me(HttpSession)
	{GET [/user/api/auth/check]}: check(HttpSession)
	{POST [/user/login]}: login(String,String,String,HttpSession,RedirectAttributes)
	{GET [/user/logout]}: logout(HttpSession)
	{GET [/user/check-email]}: checkEmail(String)
	{GET [/user/check-userid]}: checkUserId(String)
	{GET [/user/login]}: loginPage(Model,String)
	{POST [/user/update]}: updateUser(UserDto,HttpSession,RedirectAttributes)
	{GET [/user/mypage]}: myPage(HttpSession,Model)
	{POST [/user/change-password]}: changePassword(String,String,HttpSession,RedirectAttributes)
	{GET [/user/find-id]}: findIdPage()
	{GET [/user/find-password]}: findPasswordPage()
	{GET [/user/register]}: registerPage(Model)
	{GET [/user/change-password]}: changePasswordPage(HttpSession)
	{POST [/user/api/auth/register]}: apiRegister(RegisterRequest)
	{GET [/user/api/auth/check-userid]}: apiCheckUserId(String)
	{POST [/user/api/auth/logout]}: apiLogout(HttpSession)
	{GET [/user/api/auth/check-email]}: apiCheckEmail(String)
	{POST [/user/api/auth/login]}: apiLogin(LoginRequest,HttpSession)
2026-05-19 09:34:23 [Test worker] TRACE o.s.w.s.m.m.a.RequestMappingHandlerMapping - 
	c.m.a.c.c.CommunityIndexController:
	{GET [/community]}: index(Model)
2026-05-19 09:34:23 [Test worker] TRACE o.s.w.s.m.m.a.RequestMappingHandlerMapping - 
	c.m.a.c.c.CommunityLegacyRedirectController:
	{POST [/facilities || /board || /group || /saint || /world || /facilities/** || /board/** || /group/** || /saint/** || /world/**]}: forwardLegacyPost(HttpServletRequest)
	{GET [/facilities || /board || /group || /saint || /world || /facilities/** || /board/** || /group/** || /saint/** || /world/**]}: redirectLegacyGet(HttpServletRequest)
2026-05-19 09:34:23 [Test worker] TRACE o.s.w.s.m.m.a.RequestMappingHandlerMapping - 
	c.m.a.c.c.QnaController:
	{POST [/community/board/update]}: update(BoardDto,List)
	{GET [/community/board]}: list(int,String,String)
	{POST [/community/board/delete]}: delete(String)
	{POST [/community/board/write]}: save(BoardDto,List)
	{GET [/community/board/view]}: view(String,HttpSession)
	{GET [/community/board/write]}: writeForm(String)
	{GET [/community/board/download]}: download(Long)
	{GET [/community/board/reply]}: replyForm(String)
	{POST [/community/board/comment/vote]}: likeComment(Map,HttpSession)
	{POST [/community/board/comment/write]}: writeComment(CommentDto)
	{POST [/community/board/view]}: checkPasswordAndView(String,String)
2026-05-19 09:34:23 [Test worker] TRACE o.s.w.s.m.m.a.RequestMappingHandlerMapping - 
	c.m.a.c.f.FacilitiesController:
	{GET [/community/facilities/api/community/facilities/calendar]}: getCalendar(String,String)
	{GET [/community/facilities/api/community/facilities/prayer]}: getPrayerInfo()
	{GET [/community/facilities/dining]}: diningPage(Model)
	{GET [/community/facilities/prayer]}: prayerPage(Model)
	{GET [/community/facilities/api/community/facilities/dining]}: getDiningList(int,int)
	{GET [/community/facilities/api/community/facilities/pages]}: getPages()
	{GET [/community/facilities/calendar]}: calendarPage(Model)
2026-05-19 09:34:23 [Test worker] TRACE o.s.w.s.m.m.a.RequestMappingHandlerMapping - 
	c.m.a.c.g.GroupController:
	{GET [/community/group/manager]}: managerPage(Model)
	{GET [/community/group/api/community/group/pages]}: getPages()
	{GET [/community/group/api/community/group/a1]}: getGroupA1(int,int)
	{GET [/community/group/groupa1]}: groupa1Page(Model)
	{GET [/community/group/api/community/group/list]}: getGroupList(int,int,String)
	{GET [/community/group/api/community/group/b2]}: getGroupB2(int,int)
	{GET [/community/group/groupb2]}: groupb2Page(Model)
2026-05-19 09:34:23 [Test worker] TRACE o.s.w.s.m.m.a.RequestMappingHandlerMapping - 
	c.m.a.c.q.QnaCommunityController:
	
2026-05-19 09:34:23 [Test worker] TRACE o.s.w.s.m.m.a.RequestMappingHandlerMapping - 
	c.m.a.c.q.QnaController:
	
2026-05-19 09:34:23 [Test worker] TRACE o.s.w.s.m.m.a.RequestMappingHandlerMapping - 
	c.m.a.c.s.SaintController:
	{GET [/community/saint/api/community/saint/pages]}: getPages()
	{GET [/community/saint/api/community/saint/job]}: getJobList(int,int)
	{GET [/community/saint/job]}: jobPage(Model)
	{GET [/community/saint/api/community/saint/pray]}: getPrayList(int,int)
	{GET [/community/saint/api/community/saint/family]}: getFamilyList(int,int,String)
	{GET [/community/saint/pray]}: prayPage(Model)
	{GET [/community/saint/sales]}: salesPage(Model)
	{GET [/community/saint/family]}: familyPage(Model)
	{GET [/community/saint/api/community/saint/sales]}: getSalesList(int,int)
2026-05-19 09:34:23 [Test worker] TRACE o.s.w.s.m.m.a.RequestMappingHandlerMapping - 
	c.m.a.c.w.WorldController:
	{GET [/community/world/api/community/world/pages]}: getPages()
	{GET [/community/world/health]}: healthPage(Model)
	{GET [/community/world/economic]}: economicPage(Model)
	{GET [/community/world/api/community/world/economic]}: getEconomicNews(int,int)
	{GET [/community/world/christian]}: christianPage(Model)
	{GET [/community/world/api/community/world/health]}: getHealthNews(int,int)
	{GET [/community/world/api/community/world/christian]}: getChristianNews(int,int,String)
2026-05-19 09:34:23 [Test worker] TRACE o.s.w.s.m.m.a.RequestMappingHandlerMapping - 
	c.m.a.e.a.AccountController:
	{POST [/api/erp/account/save]}: save(Map)
	{GET [/api/erp/account/api/account/list]}: getAccountControllerList()
2026-05-19 09:34:23 [Test worker] TRACE o.s.w.s.m.m.a.RequestMappingHandlerMapping - 
	c.m.a.e.a.AdminController:
	{GET [/api/erp/admin/list]}: list()
	{POST [/api/erp/admin/save]}: save(Map)
2026-05-19 09:34:23 [Test worker] TRACE o.s.w.s.m.m.a.RequestMappingHandlerMapping - 
	c.m.a.e.c.CommController:
	{GET [/api/erp/comm/list]}: list()
	{POST [/api/erp/comm/save]}: save(Map)
2026-05-19 09:34:23 [Test worker] TRACE o.s.w.s.m.m.a.RequestMappingHandlerMapping - 
	c.m.a.e.c.ErpIndexController:
	{GET [/erp]}: index(Model)
	{GET [/event/{page}]}: event(String,Model)
	{GET [/account/{page}]}: account(String,Model)
	{GET [/training/{page}]}: training(String,Model)
	{GET [/facility/{page}]}: facility(String,Model)
	{GET [/ministry/{page}]}: ministry(String,Model)
	{GET [/stats/{page}]}: stats(String,Model)
	{GET [/comm/{page}]}: comm(String,Model)
	{GET [/api/erp/pages/extended]}: getPagesExtended()
	{GET [/sermon/{page}]}: sermon(String,Model)
	{GET [/humen/{page}]}: humen(String,Model)
	{GET [/api/erp/pages]}: getPages()
2026-05-19 09:34:23 [Test worker] TRACE o.s.w.s.m.m.a.RequestMappingHandlerMapping - 
	c.m.a.e.e.EventController:
	{GET [/api/erp/event/list]}: list()
	{POST [/api/erp/event/save]}: save(Map)
2026-05-19 09:34:23 [Test worker] TRACE o.s.w.s.m.m.a.RequestMappingHandlerMapping - 
	c.m.a.e.f.FacilityController:
	{GET [/api/erp/facility/list]}: list()
	{POST [/api/erp/facility/save]}: save(Map)
2026-05-19 09:34:23 [Test worker] TRACE o.s.w.s.m.m.a.RequestMappingHandlerMapping - 
	c.m.a.e.h.HumenController:
	{GET [/api/erp/humen/list]}: list()
	{POST [/api/erp/humen/save]}: save(Map)
2026-05-19 09:34:23 [Test worker] TRACE o.s.w.s.m.m.a.RequestMappingHandlerMapping - 
	c.m.a.e.m.MinistryController:
	{GET [/api/erp/ministry/list]}: list()
	{POST [/api/erp/ministry/save]}: save(Map)
2026-05-19 09:34:23 [Test worker] TRACE o.s.w.s.m.m.a.RequestMappingHandlerMapping - 
	c.m.a.e.s.SermonController:
	{GET [/api/erp/sermon/list]}: list()
	{POST [/api/erp/sermon/save]}: save(Map)
2026-05-19 09:34:23 [Test worker] TRACE o.s.w.s.m.m.a.RequestMappingHandlerMapping - 
	c.m.a.e.s.StatsController:
	{GET [/api/erp/stats/list]}: list()
	{POST [/api/erp/stats/save]}: save(Map)
2026-05-19 09:34:23 [Test worker] TRACE o.s.w.s.m.m.a.RequestMappingHandlerMapping - 
	c.m.a.e.t.TrainingController:
	{GET [/api/erp/training/list]}: list()
	{POST [/api/erp/training/save]}: save(Map)
2026-05-19 09:34:23 [Test worker] TRACE o.s.w.s.m.m.a.RequestMappingHandlerMapping - 
	c.m.a.m.u.MypageUserController:
	{GET [/api/mypage/user/profile]}: getProfile()
	{GET [/api/mypage/user/password]}: getPasswordPolicy()
	{GET [/api/mypage/user/activity]}: getActivityList(int,int)
	{GET [/api/mypage/user/inquiry]}: getInquiryList(int,int)
	{GET [/api/mypage/user/withdraw]}: getWithdrawPolicy()
	{GET [/api/mypage/user/notifications]}: getNotificationSettings()
2026-05-19 09:34:23 [Test worker] TRACE o.s.w.s.m.m.a.RequestMappingHandlerMapping - 
	c.m.a.o.a.AboutController:
	{GET [/about/beliefs]}: beliefsPage(Model)
	{GET [/about/history]}: historyPage(Model)
	{GET [/about/pastor]}: pastorPage(Model)
	{GET [/about/vision]}: visionPage(Model)
2026-05-19 09:34:23 [Test worker] TRACE o.s.w.s.m.m.a.RequestMappingHandlerMapping - 
	c.m.a.o.a.AnnouncementBoardController:
	{POST [/api/news/announcement/update]}: update(BoardDto,List)
	{GET [/api/news/announcement]}: list(int,String,String)
	{POST [/api/news/announcement/delete]}: delete(String)
	{POST [/api/news/announcement/write]}: save(BoardDto,List)
	{GET [/api/news/announcement/view]}: view(String,HttpSession)
	{GET [/api/news/announcement/write]}: writeForm(String)
	{GET [/api/news/announcement/download]}: download(Long)
	{GET [/api/news/announcement/reply]}: replyForm(String)
	{POST [/api/news/announcement/comment/vote]}: likeComment(Map,HttpSession)
	{POST [/api/news/announcement/comment/write]}: writeComment(CommentDto)
	{POST [/api/news/announcement/view]}: checkPasswordAndView(String,String)
2026-05-19 09:34:23 [Test worker] TRACE o.s.w.s.m.m.a.RequestMappingHandlerMapping - 
	c.m.a.o.a.BulletinBoardController:
	{POST [/api/news/bulletin/update]}: update(BoardDto,List)
	{GET [/api/news/bulletin]}: list(int,String,String)
	{POST [/api/news/bulletin/delete]}: delete(String)
	{POST [/api/news/bulletin/write]}: save(BoardDto,List)
	{GET [/api/news/bulletin/view]}: view(String,HttpSession)
	{GET [/api/news/bulletin/write]}: writeForm(String)
	{GET [/api/news/bulletin/download]}: download(Long)
	{GET [/api/news/bulletin/reply]}: replyForm(String)
	{POST [/api/news/bulletin/comment/vote]}: likeComment(Map,HttpSession)
	{POST [/api/news/bulletin/comment/write]}: writeComment(CommentDto)
	{POST [/api/news/bulletin/view]}: checkPasswordAndView(String,String)
2026-05-19 09:34:23 [Test worker] TRACE o.s.w.s.m.m.a.RequestMappingHandlerMapping - 
	c.m.a.o.a.ChildrenBoardController:
	{POST [/api/ministries/children/update]}: update(BoardDto,List)
	{GET [/api/ministries/children]}: list(int,String,String)
	{POST [/api/ministries/children/delete]}: delete(String)
	{POST [/api/ministries/children/write]}: save(BoardDto,List)
	{GET [/api/ministries/children/view]}: view(String,HttpSession)
	{GET [/api/ministries/children/write]}: writeForm(String)
	{GET [/api/ministries/children/download]}: download(Long)
	{GET [/api/ministries/children/reply]}: replyForm(String)
	{POST [/api/ministries/children/comment/vote]}: likeComment(Map,HttpSession)
	{POST [/api/ministries/children/comment/write]}: writeComment(CommentDto)
	{POST [/api/ministries/children/view]}: checkPasswordAndView(String,String)
2026-05-19 09:34:23 [Test worker] TRACE o.s.w.s.m.m.a.RequestMappingHandlerMapping - 
	c.m.a.o.a.MissionBoardController:
	{POST [/api/ministries/mission/update]}: update(BoardDto,List)
	{GET [/api/ministries/mission]}: list(int,String,String)
	{POST [/api/ministries/mission/delete]}: delete(String)
	{POST [/api/ministries/mission/write]}: save(BoardDto,List)
	{GET [/api/ministries/mission/view]}: view(String,HttpSession)
	{GET [/api/ministries/mission/write]}: writeForm(String)
	{GET [/api/ministries/mission/download]}: download(Long)
	{GET [/api/ministries/mission/reply]}: replyForm(String)
	{POST [/api/ministries/mission/comment/vote]}: likeComment(Map,HttpSession)
	{POST [/api/ministries/mission/comment/write]}: writeComment(CommentDto)
	{POST [/api/ministries/mission/view]}: checkPasswordAndView(String,String)
2026-05-19 09:34:23 [Test worker] TRACE o.s.w.s.m.m.a.RequestMappingHandlerMapping - 
	c.m.a.o.a.OfficialQnaBoardController:
	{POST [/api/support/qna/update]}: update(BoardDto,List)
	{GET [/api/support/qna]}: list(int,String,String)
	{POST [/api/support/qna/delete]}: delete(String)
	{POST [/api/support/qna/write]}: save(BoardDto,List)
	{GET [/api/support/qna/view]}: view(String,HttpSession)
	{GET [/api/support/qna/write]}: writeForm(String)
	{GET [/api/support/qna/download]}: download(Long)
	{GET [/api/support/qna/reply]}: replyForm(String)
	{POST [/api/support/qna/comment/vote]}: likeComment(Map,HttpSession)
	{POST [/api/support/qna/comment/write]}: writeComment(CommentDto)
	{POST [/api/support/qna/view]}: checkPasswordAndView(String,String)
2026-05-19 09:34:23 [Test worker] TRACE o.s.w.s.m.m.a.RequestMappingHandlerMapping - 
	c.m.a.o.a.RegistrationBoardController:
	{POST [/api/news/registration/update]}: update(BoardDto,List)
	{GET [/api/news/registration]}: list(int,String,String)
	{POST [/api/news/registration/delete]}: delete(String)
	{POST [/api/news/registration/write]}: save(BoardDto,List)
	{GET [/api/news/registration/view]}: view(String,HttpSession)
	{GET [/api/news/registration/write]}: writeForm(String)
	{GET [/api/news/registration/download]}: download(Long)
	{GET [/api/news/registration/reply]}: replyForm(String)
	{POST [/api/news/registration/comment/vote]}: likeComment(Map,HttpSession)
	{POST [/api/news/registration/comment/write]}: writeComment(CommentDto)
	{POST [/api/news/registration/view]}: checkPasswordAndView(String,String)
2026-05-19 09:34:23 [Test worker] TRACE o.s.w.s.m.m.a.RequestMappingHandlerMapping - 
	c.m.a.o.a.SermonsBoardController:
	{POST [/api/worship/sermons/update]}: update(BoardDto,List)
	{GET [/api/worship/sermons]}: list(int,String,String)
	{POST [/api/worship/sermons/delete]}: delete(String)
	{POST [/api/worship/sermons/write]}: save(BoardDto,List)
	{GET [/api/worship/sermons/view]}: view(String,HttpSession)
	{GET [/api/worship/sermons/write]}: writeForm(String)
	{GET [/api/worship/sermons/download]}: download(Long)
	{GET [/api/worship/sermons/reply]}: replyForm(String)
	{POST [/api/worship/sermons/comment/vote]}: likeComment(Map,HttpSession)
	{POST [/api/worship/sermons/comment/write]}: writeComment(CommentDto)
	{POST [/api/worship/sermons/view]}: checkPasswordAndView(String,String)
2026-05-19 09:34:23 [Test worker] TRACE o.s.w.s.m.m.a.RequestMappingHandlerMapping - 
	c.m.a.o.a.YouthBoardController:
	{POST [/api/ministries/youth/update]}: update(BoardDto,List)
	{GET [/api/ministries/youth]}: list(int,String,String)
	{POST [/api/ministries/youth/delete]}: delete(String)
	{POST [/api/ministries/youth/write]}: save(BoardDto,List)
	{GET [/api/ministries/youth/view]}: view(String,HttpSession)
	{GET [/api/ministries/youth/write]}: writeForm(String)
	{GET [/api/ministries/youth/download]}: download(Long)
	{GET [/api/ministries/youth/reply]}: replyForm(String)
	{POST [/api/ministries/youth/comment/vote]}: likeComment(Map,HttpSession)
	{POST [/api/ministries/youth/comment/write]}: writeComment(CommentDto)
	{POST [/api/ministries/youth/view]}: checkPasswordAndView(String,String)
2026-05-19 09:34:23 [Test worker] TRACE o.s.w.s.m.m.a.RequestMappingHandlerMapping - 
	c.m.a.o.c.MainController:
	{GET [/api/menu/hierarchical]}: getHierarchicalMenus(String)
	{GET [/]}: index(Model,HttpServletRequest)
	{GET [/api/menu/top]}: getTopMenus(String)
	{GET [/api/menu/top-menu]}: findTopMenuByPath(String,String)
	{GET [/api/menu/path]}: findMenuByPath(String,String)
2026-05-19 09:34:23 [Test worker] TRACE o.s.w.s.m.m.a.RequestMappingHandlerMapping - 
	c.m.a.o.m.MinistriesController:
	{GET [/ministries/children]}: childrenPage(Model)
	{GET [/ministries/youth]}: youthPage(Model)
	{GET [/ministries/mission]}: missionPage(Model)
	{GET [/ministries/api/ministries/pages]}: getPages()
2026-05-19 09:34:23 [Test worker] TRACE o.s.w.s.m.m.a.RequestMappingHandlerMapping - 
	c.m.a.o.n.NewsController:
	{GET [/news/announcement]}: announcementPage(Model)
	{GET [/news/event]}: eventPage(Model)
	{GET [/news/bulletin]}: bulletinPage(Model)
	{GET [/news/registration]}: registrationPage(Model)
2026-05-19 09:34:23 [Test worker] TRACE o.s.w.s.m.m.a.RequestMappingHandlerMapping - 
	c.m.a.o.s.SupportController:
	{GET [/support/faq]}: faqPage(Model)
	{GET [/support/location]}: locationPage(Model)
	{GET [/support/qna]}: qnaPage(Model)
	{GET [/support/api/support/pages]}: getPages()
2026-05-19 09:34:23 [Test worker] TRACE o.s.w.s.m.m.a.RequestMappingHandlerMapping - 
	c.m.a.o.w.WorshipController:
	{GET [/worship/live]}: livePage(Model)
	{GET [/worship/sermons]}: sermonsPage(Model)
	{GET [/worship/time]}: timePage(Model)
	{GET [/worship/api/worship/pages]}: getPages()
2026-05-19 09:34:23 [Test worker] TRACE o.s.w.s.m.m.a.RequestMappingHandlerMapping - 
	c.m.a.s.b.BackupController:
	{GET [/system/backup/history]}: historyPage(Model)
	{GET [/system/backup/policy]}: policyPage(Model)
	{GET [/system/backup/api/backup/policy]}: getBackupPolicyList(int,int)
	{GET [/system/backup/api/backup/history]}: getBackupHistoryList(int,int,String)
2026-05-19 09:34:23 [Test worker] TRACE o.s.w.s.m.m.a.RequestMappingHandlerMapping - 
	c.m.a.s.c.ConfigController:
	{GET [/system/config/code]}: codePage(Model)
	{GET [/system/config/api/config/codes]}: getCodeList(int,int,String)
	{GET [/system/config/menu]}: menuPage(Model)
	{GET [/system/config/api/config/menus]}: getMenuList(int,int)
2026-05-19 09:34:23 [Test worker] TRACE o.s.w.s.m.m.a.RequestMappingHandlerMapping - 
	c.m.a.s.c.SystemIndexController:
	{GET [/system]}: index(Model)
	{GET [/system/{category}/{page}]}: systemPage(String,String,Model)
	{GET [/system/api/pages]}: getPages()
2026-05-19 09:34:23 [Test worker] TRACE o.s.w.s.m.m.a.RequestMappingHandlerMapping - 
	c.m.a.s.c.SystemLegacyRedirectController:
	{GET [/user/{page:manager|role}]}: redirectUserLegacy(String)
	{GET [/log/{page:system|audit}]}: redirectLogLegacy(String)
	{GET [/config/{page:code|menu}]}: redirectConfigLegacy(String)
	{GET [/backup/{page:policy|history}]}: redirectBackupLegacy(String)
2026-05-19 09:34:23 [Test worker] TRACE o.s.w.s.m.m.a.RequestMappingHandlerMapping - 
	c.m.a.s.l.LogController:
	{GET [/system/log/audit]}: auditPage(Model)
	{GET [/system/log/api/log/system]}: getSystemLogList(int,int,String)
	{GET [/system/log/api/log/audit]}: getAuditLogList(int,int,String)
	{GET [/system/log/system]}: systemPage(Model)
2026-05-19 09:34:23 [Test worker] TRACE o.s.w.s.m.m.a.RequestMappingHandlerMapping - 
	c.m.a.s.u.UserController:
	{GET [/system/user/api/user/list]}: getUserList(int,int,String)
	{GET [/system/user/api/user/roles]}: getRoleList(int,int)
	{GET [/system/user/role]}: rolePage(Model)
	{GET [/system/user/manager]}: managerPage(Model)
2026-05-19 09:34:23 [Test worker] TRACE o.s.w.s.m.m.a.RequestMappingHandlerMapping - 
	o.s.b.a.w.s.e.BasicErrorController:
	{ [/error]}: error(HttpServletRequest)
	{ [/error], produces [text/html]}: errorHtml(HttpServletRequest,HttpServletResponse)
2026-05-19 09:34:23 [Test worker] DEBUG o.s.w.s.m.m.a.RequestMappingHandlerMapping - 247 mappings in 'requestMappingHandlerMapping'
2026-05-19 09:34:24 [Test worker] DEBUG o.s.w.s.h.SimpleUrlHandlerMapping - Patterns [/webjars/**, /**] in 'resourceHandlerMapping'
2026-05-19 09:34:25 [Test worker] DEBUG o.s.w.s.m.m.a.RequestMappingHandlerAdapter - ControllerAdvice beans: 1 @ModelAttribute, 0 @InitBinder, 1 RequestBodyAdvice, 1 ResponseBodyAdvice
2026-05-19 09:34:25 [Test worker] DEBUG o.s.w.s.m.m.a.ExceptionHandlerExceptionResolver - ControllerAdvice beans: 1 @ExceptionHandler, 1 ResponseBodyAdvice
2026-05-19 09:34:26 [Test worker] INFO  com.main.app.AppApplicationTests - Started AppApplicationTests in 13.081 seconds (process running for 14.803)
2026-05-19 09:34:27 [SpringApplicationShutdownHook] DEBUG o.s.w.c.s.GenericWebApplicationContext - Closing org.springframework.web.context.support.GenericWebApplicationContext@4e4c3a38, started on Tue May 19 09:34:13 KST 2026
2026-05-19 09:34:27 [SpringApplicationShutdownHook] INFO  o.s.o.j.LocalContainerEntityManagerFactoryBean - Closing JPA EntityManagerFactory for persistence unit 'default'
2026-05-19 09:34:27 [SpringApplicationShutdownHook] INFO  com.zaxxer.hikari.HikariDataSource - HikariPool-1 - Shutdown initiated...
2026-05-19 09:34:27 [SpringApplicationShutdownHook] INFO  com.zaxxer.hikari.HikariDataSource - HikariPool-1 - Shutdown completed.
2026-05-19 09:34:49 [Test worker] INFO  com.main.app.AppApplicationTests - Starting AppApplicationTests using Java 17.0.9 with PID 18788 (started by msi in C:\privWork\workspace\webProject)
2026-05-19 09:34:49 [Test worker] DEBUG com.main.app.AppApplicationTests - Running with Spring Boot v3.3.1, Spring v6.1.10
2026-05-19 09:34:49 [Test worker] INFO  com.main.app.AppApplicationTests - No active profile set, falling back to 1 default profile: "default"
2026-05-19 09:34:49 [Test worker] DEBUG o.s.w.c.s.GenericWebApplicationContext - Refreshing org.springframework.web.context.support.GenericWebApplicationContext@682bd3c4
2026-05-19 09:34:50 [Test worker] INFO  o.s.d.r.c.RepositoryConfigurationDelegate - Bootstrapping Spring Data JPA repositories in DEFAULT mode.
2026-05-19 09:34:50 [Test worker] INFO  o.s.d.r.c.RepositoryConfigurationDelegate - Finished Spring Data repository scanning in 25 ms. Found 0 JPA repository interfaces.
2026-05-19 09:34:50 [Test worker] DEBUG o.m.s.mapper.ClassPathMapperScanner - Identified candidate component class: file [C:\privWork\workspace\webProject\build\classes\java\main\com\main\app\auth\mapper\UserMapper.class]
2026-05-19 09:34:50 [Test worker] DEBUG o.m.s.mapper.ClassPathMapperScanner - Identified candidate component class: file [C:\privWork\workspace\webProject\build\classes\java\main\com\main\app\common\mapper\AutoNoMapper.class]
2026-05-19 09:34:50 [Test worker] DEBUG o.m.s.mapper.ClassPathMapperScanner - Identified candidate component class: file [C:\privWork\workspace\webProject\build\classes\java\main\com\main\app\common\mapper\BoardMapper.class]
2026-05-19 09:34:50 [Test worker] DEBUG o.m.s.mapper.ClassPathMapperScanner - Identified candidate component class: file [C:\privWork\workspace\webProject\build\classes\java\main\com\main\app\common\mapper\MenuMapper.class]
2026-05-19 09:34:50 [Test worker] DEBUG o.m.s.mapper.ClassPathMapperScanner - Creating MapperFactoryBean with name 'userMapper' and 'com.main.app.auth.mapper.UserMapper' mapperInterface
2026-05-19 09:34:50 [Test worker] DEBUG o.m.s.mapper.ClassPathMapperScanner - Enabling autowire by type for MapperFactoryBean with name 'userMapper'.
2026-05-19 09:34:50 [Test worker] DEBUG o.m.s.mapper.ClassPathMapperScanner - Creating MapperFactoryBean with name 'autoNoMapper' and 'com.main.app.common.mapper.AutoNoMapper' mapperInterface
2026-05-19 09:34:50 [Test worker] DEBUG o.m.s.mapper.ClassPathMapperScanner - Enabling autowire by type for MapperFactoryBean with name 'autoNoMapper'.
2026-05-19 09:34:50 [Test worker] DEBUG o.m.s.mapper.ClassPathMapperScanner - Creating MapperFactoryBean with name 'boardMapper' and 'com.main.app.common.mapper.BoardMapper' mapperInterface
2026-05-19 09:34:50 [Test worker] DEBUG o.m.s.mapper.ClassPathMapperScanner - Enabling autowire by type for MapperFactoryBean with name 'boardMapper'.
2026-05-19 09:34:50 [Test worker] DEBUG o.m.s.mapper.ClassPathMapperScanner - Creating MapperFactoryBean with name 'menuMapper' and 'com.main.app.common.mapper.MenuMapper' mapperInterface
2026-05-19 09:34:50 [Test worker] DEBUG o.m.s.mapper.ClassPathMapperScanner - Enabling autowire by type for MapperFactoryBean with name 'menuMapper'.
2026-05-19 09:34:50 [Test worker] INFO  com.zaxxer.hikari.HikariDataSource - HikariPool-1 - Starting...
2026-05-19 09:34:51 [Test worker] INFO  com.zaxxer.hikari.pool.HikariPool - HikariPool-1 - Added connection org.postgresql.jdbc.PgConnection@106c988
2026-05-19 09:34:51 [Test worker] INFO  com.zaxxer.hikari.HikariDataSource - HikariPool-1 - Start completed.
2026-05-19 09:34:51 [Test worker] INFO  o.h.jpa.internal.util.LogHelper - HHH000204: Processing PersistenceUnitInfo [name: default]
2026-05-19 09:34:51 [Test worker] INFO  org.hibernate.Version - HHH000412: Hibernate ORM core version 6.5.2.Final
2026-05-19 09:34:51 [Test worker] INFO  o.h.c.i.RegionFactoryInitiator - HHH000026: Second-level cache disabled
2026-05-19 09:34:51 [Test worker] INFO  o.s.o.j.p.SpringPersistenceUnitInfo - No LoadTimeWeaver setup: ignoring JPA class transformer
2026-05-19 09:34:52 [Test worker] INFO  o.h.e.t.j.p.i.JtaPlatformInitiator - HHH000489: No JTA platform available (set 'hibernate.transaction.jta.platform' to enable JTA platform integration)
2026-05-19 09:34:52 [Test worker] INFO  o.s.o.j.LocalContainerEntityManagerFactoryBean - Initialized JPA EntityManagerFactory for persistence unit 'default'
2026-05-19 09:34:52 [Test worker] DEBUG o.m.spring.SqlSessionFactoryBean - Parsed mapper file: 'file [C:\privWork\workspace\webProject\build\resources\main\mapper\auth\UserMapper.xml]'
2026-05-19 09:34:52 [Test worker] DEBUG o.m.spring.SqlSessionFactoryBean - Parsed mapper file: 'file [C:\privWork\workspace\webProject\build\resources\main\mapper\common\AutoNoMapper.xml]'
2026-05-19 09:34:52 [Test worker] DEBUG o.m.spring.SqlSessionFactoryBean - Parsed mapper file: 'file [C:\privWork\workspace\webProject\build\resources\main\mapper\common\MenuMapper.xml]'
2026-05-19 09:34:52 [Test worker] DEBUG o.m.spring.SqlSessionFactoryBean - Parsed mapper file: 'file [C:\privWork\workspace\webProject\build\resources\main\mapper\community\BoardMapper.xml]'
2026-05-19 09:34:52 [Test worker] DEBUG o.m.spring.SqlSessionFactoryBean - Parsed mapper file: 'file [C:\privWork\workspace\webProject\build\resources\main\mapper\community\facilities\FacilitiesMapper.xml]'
2026-05-19 09:34:52 [Test worker] DEBUG o.m.spring.SqlSessionFactoryBean - Parsed mapper file: 'file [C:\privWork\workspace\webProject\build\resources\main\mapper\community\group\GroupMapper.xml]'
2026-05-19 09:34:52 [Test worker] DEBUG o.m.spring.SqlSessionFactoryBean - Parsed mapper file: 'file [C:\privWork\workspace\webProject\build\resources\main\mapper\community\qna\QnaMapper.xml]'
2026-05-19 09:34:52 [Test worker] DEBUG o.m.spring.SqlSessionFactoryBean - Parsed mapper file: 'file [C:\privWork\workspace\webProject\build\resources\main\mapper\community\saint\SaintMapper.xml]'
2026-05-19 09:34:52 [Test worker] DEBUG o.m.spring.SqlSessionFactoryBean - Parsed mapper file: 'file [C:\privWork\workspace\webProject\build\resources\main\mapper\community\world\WorldMapper.xml]'
2026-05-19 09:34:52 [Test worker] DEBUG o.m.spring.SqlSessionFactoryBean - Parsed mapper file: 'file [C:\privWork\workspace\webProject\build\resources\main\mapper\erp\account\AccountMapper.xml]'
2026-05-19 09:34:52 [Test worker] DEBUG o.m.spring.SqlSessionFactoryBean - Parsed mapper file: 'file [C:\privWork\workspace\webProject\build\resources\main\mapper\erp\admin\AdminMapper.xml]'
2026-05-19 09:34:52 [Test worker] DEBUG o.m.spring.SqlSessionFactoryBean - Parsed mapper file: 'file [C:\privWork\workspace\webProject\build\resources\main\mapper\erp\comm\CommMapper.xml]'
2026-05-19 09:34:52 [Test worker] DEBUG o.m.spring.SqlSessionFactoryBean - Parsed mapper file: 'file [C:\privWork\workspace\webProject\build\resources\main\mapper\erp\event\EventMapper.xml]'
2026-05-19 09:34:52 [Test worker] DEBUG o.m.spring.SqlSessionFactoryBean - Parsed mapper file: 'file [C:\privWork\workspace\webProject\build\resources\main\mapper\erp\facility\FacilityMapper.xml]'
2026-05-19 09:34:52 [Test worker] DEBUG o.m.spring.SqlSessionFactoryBean - Parsed mapper file: 'file [C:\privWork\workspace\webProject\build\resources\main\mapper\erp\humen\HumenMapper.xml]'
2026-05-19 09:34:52 [Test worker] DEBUG o.m.spring.SqlSessionFactoryBean - Parsed mapper file: 'file [C:\privWork\workspace\webProject\build\resources\main\mapper\erp\ministry\MinistryMapper.xml]'
2026-05-19 09:34:52 [Test worker] DEBUG o.m.spring.SqlSessionFactoryBean - Parsed mapper file: 'file [C:\privWork\workspace\webProject\build\resources\main\mapper\erp\sermon\SermonMapper.xml]'
2026-05-19 09:34:52 [Test worker] DEBUG o.m.spring.SqlSessionFactoryBean - Parsed mapper file: 'file [C:\privWork\workspace\webProject\build\resources\main\mapper\erp\stats\StatsMapper.xml]'
2026-05-19 09:34:52 [Test worker] DEBUG o.m.spring.SqlSessionFactoryBean - Parsed mapper file: 'file [C:\privWork\workspace\webProject\build\resources\main\mapper\erp\training\TrainingMapper.xml]'
2026-05-19 09:34:52 [Test worker] DEBUG o.m.spring.SqlSessionFactoryBean - Parsed mapper file: 'file [C:\privWork\workspace\webProject\build\resources\main\mapper\official\about\AboutMapper.xml]'
2026-05-19 09:34:52 [Test worker] DEBUG o.m.spring.SqlSessionFactoryBean - Parsed mapper file: 'file [C:\privWork\workspace\webProject\build\resources\main\mapper\official\ministries\MinistriesMapper.xml]'
2026-05-19 09:34:52 [Test worker] DEBUG o.m.spring.SqlSessionFactoryBean - Parsed mapper file: 'file [C:\privWork\workspace\webProject\build\resources\main\mapper\official\news\NewsMapper.xml]'
2026-05-19 09:34:52 [Test worker] DEBUG o.m.spring.SqlSessionFactoryBean - Parsed mapper file: 'file [C:\privWork\workspace\webProject\build\resources\main\mapper\official\support\SupportMapper.xml]'
2026-05-19 09:34:52 [Test worker] DEBUG o.m.spring.SqlSessionFactoryBean - Parsed mapper file: 'file [C:\privWork\workspace\webProject\build\resources\main\mapper\official\worship\WorshipMapper.xml]'
2026-05-19 09:34:52 [Test worker] DEBUG o.m.spring.SqlSessionFactoryBean - Parsed mapper file: 'file [C:\privWork\workspace\webProject\build\resources\main\mapper\system\backup\BackupMapper.xml]'
2026-05-19 09:34:52 [Test worker] DEBUG o.m.spring.SqlSessionFactoryBean - Parsed mapper file: 'file [C:\privWork\workspace\webProject\build\resources\main\mapper\system\config\ConfigMapper.xml]'
2026-05-19 09:34:52 [Test worker] DEBUG o.m.spring.SqlSessionFactoryBean - Parsed mapper file: 'file [C:\privWork\workspace\webProject\build\resources\main\mapper\system\log\LogMapper.xml]'
2026-05-19 09:34:52 [Test worker] DEBUG o.m.spring.SqlSessionFactoryBean - Parsed mapper file: 'file [C:\privWork\workspace\webProject\build\resources\main\mapper\system\user\UserMapper.xml]'
2026-05-19 09:34:52 [Test worker] WARN  o.s.b.a.o.j.JpaBaseConfiguration$JpaWebConfiguration - spring.jpa.open-in-view is enabled by default. Therefore, database queries may be performed during view rendering. Explicitly configure spring.jpa.open-in-view to disable this warning
2026-05-19 09:34:52 [Test worker] WARN  o.s.b.a.s.s.UserDetailsServiceAutoConfiguration - 

Using generated security password: 8e55dcb2-bab5-4b1f-8776-577b8def7f2a

This generated password is for development use only. Your security configuration must be updated before running your application in production.

2026-05-19 09:34:53 [Test worker] INFO  o.s.s.c.a.a.c.InitializeUserDetailsBeanManagerConfigurer$InitializeUserDetailsManagerConfigurer - Global AuthenticationManager configured with UserDetailsService bean with name inMemoryUserDetailsManager
2026-05-19 09:34:53 [Test worker] TRACE o.s.w.s.m.m.a.RequestMappingHandlerMapping - 
	c.m.a.a.c.AuthController:
	{POST [/api/auth/register]}: register(RegisterRequest)
	{GET [/api/auth/me]}: me(HttpSession)
	{GET [/api/auth/check]}: check(HttpSession)
	{POST [/api/auth/logout]}: logout(HttpSession)
	{POST [/api/auth/login]}: login(LoginRequest,HttpSession)
	{GET [/api/auth/check-email]}: checkEmail(String)
	{GET [/api/auth/check-userid]}: checkUserId(String)
2026-05-19 09:34:53 [Test worker] TRACE o.s.w.s.m.m.a.RequestMappingHandlerMapping - 
	c.m.a.a.c.UserController:
	{POST [/user/register]}: register(UserDto,RedirectAttributes)
	{GET [/user/api/auth/me]}: me(HttpSession)
	{GET [/user/api/auth/check]}: check(HttpSession)
	{GET [/user/logout]}: logout(HttpSession)
	{POST [/user/login]}: login(String,String,String,HttpSession,RedirectAttributes)
	{GET [/user/check-email]}: checkEmail(String)
	{GET [/user/check-userid]}: checkUserId(String)
	{GET [/user/register]}: registerPage(Model)
	{POST [/user/change-password]}: changePassword(String,String,HttpSession,RedirectAttributes)
	{GET [/user/find-id]}: findIdPage()
	{GET [/user/login]}: loginPage(Model,String)
	{GET [/user/mypage]}: myPage(HttpSession,Model)
	{POST [/user/update]}: updateUser(UserDto,HttpSession,RedirectAttributes)
	{GET [/user/change-password]}: changePasswordPage(HttpSession)
	{POST [/user/api/auth/logout]}: apiLogout(HttpSession)
	{GET [/user/find-password]}: findPasswordPage()
	{GET [/user/api/auth/check-userid]}: apiCheckUserId(String)
	{POST [/user/api/auth/login]}: apiLogin(LoginRequest,HttpSession)
	{POST [/user/api/auth/register]}: apiRegister(RegisterRequest)
	{GET [/user/api/auth/check-email]}: apiCheckEmail(String)
2026-05-19 09:34:53 [Test worker] TRACE o.s.w.s.m.m.a.RequestMappingHandlerMapping - 
	c.m.a.c.c.CommunityIndexController:
	{GET [/community]}: index(Model)
2026-05-19 09:34:53 [Test worker] TRACE o.s.w.s.m.m.a.RequestMappingHandlerMapping - 
	c.m.a.c.c.CommunityLegacyRedirectController:
	{GET [/facilities || /board || /group || /saint || /world || /facilities/** || /board/** || /group/** || /saint/** || /world/**]}: redirectLegacyGet(HttpServletRequest)
	{POST [/facilities || /board || /group || /saint || /world || /facilities/** || /board/** || /group/** || /saint/** || /world/**]}: forwardLegacyPost(HttpServletRequest)
2026-05-19 09:34:53 [Test worker] TRACE o.s.w.s.m.m.a.RequestMappingHandlerMapping - 
	c.m.a.c.c.QnaController:
	{POST [/community/board/update]}: update(BoardDto,List)
	{GET [/community/board]}: list(int,String,String)
	{POST [/community/board/delete]}: delete(String)
	{POST [/community/board/write]}: save(BoardDto,List)
	{GET [/community/board/view]}: view(String,HttpSession)
	{GET [/community/board/write]}: writeForm(String)
	{GET [/community/board/download]}: download(Long)
	{POST [/community/board/view]}: checkPasswordAndView(String,String)
	{POST [/community/board/comment/write]}: writeComment(CommentDto)
	{GET [/community/board/reply]}: replyForm(String)
	{POST [/community/board/comment/vote]}: likeComment(Map,HttpSession)
2026-05-19 09:34:53 [Test worker] TRACE o.s.w.s.m.m.a.RequestMappingHandlerMapping - 
	c.m.a.c.f.FacilitiesController:
	{GET [/community/facilities/api/community/facilities/calendar]}: getCalendar(String,String)
	{GET [/community/facilities/prayer]}: prayerPage(Model)
	{GET [/community/facilities/api/community/facilities/prayer]}: getPrayerInfo()
	{GET [/community/facilities/dining]}: diningPage(Model)
	{GET [/community/facilities/api/community/facilities/pages]}: getPages()
	{GET [/community/facilities/calendar]}: calendarPage(Model)
	{GET [/community/facilities/api/community/facilities/dining]}: getDiningList(int,int)
2026-05-19 09:34:53 [Test worker] TRACE o.s.w.s.m.m.a.RequestMappingHandlerMapping - 
	c.m.a.c.g.GroupController:
	{GET [/community/group/api/community/group/pages]}: getPages()
	{GET [/community/group/api/community/group/a1]}: getGroupA1(int,int)
	{GET [/community/group/api/community/group/list]}: getGroupList(int,int,String)
	{GET [/community/group/api/community/group/b2]}: getGroupB2(int,int)
	{GET [/community/group/groupb2]}: groupb2Page(Model)
	{GET [/community/group/groupa1]}: groupa1Page(Model)
	{GET [/community/group/manager]}: managerPage(Model)
2026-05-19 09:34:53 [Test worker] TRACE o.s.w.s.m.m.a.RequestMappingHandlerMapping - 
	c.m.a.c.q.QnaCommunityController:
	
2026-05-19 09:34:53 [Test worker] TRACE o.s.w.s.m.m.a.RequestMappingHandlerMapping - 
	c.m.a.c.q.QnaController:
	
2026-05-19 09:34:53 [Test worker] TRACE o.s.w.s.m.m.a.RequestMappingHandlerMapping - 
	c.m.a.c.s.SaintController:
	{GET [/community/saint/api/community/saint/job]}: getJobList(int,int)
	{GET [/community/saint/api/community/saint/family]}: getFamilyList(int,int,String)
	{GET [/community/saint/api/community/saint/pray]}: getPrayList(int,int)
	{GET [/community/saint/api/community/saint/sales]}: getSalesList(int,int)
	{GET [/community/saint/job]}: jobPage(Model)
	{GET [/community/saint/family]}: familyPage(Model)
	{GET [/community/saint/pray]}: prayPage(Model)
	{GET [/community/saint/sales]}: salesPage(Model)
	{GET [/community/saint/api/community/saint/pages]}: getPages()
2026-05-19 09:34:53 [Test worker] TRACE o.s.w.s.m.m.a.RequestMappingHandlerMapping - 
	c.m.a.c.w.WorldController:
	{GET [/community/world/api/community/world/health]}: getHealthNews(int,int)
	{GET [/community/world/economic]}: economicPage(Model)
	{GET [/community/world/christian]}: christianPage(Model)
	{GET [/community/world/health]}: healthPage(Model)
	{GET [/community/world/api/community/world/christian]}: getChristianNews(int,int,String)
	{GET [/community/world/api/community/world/economic]}: getEconomicNews(int,int)
	{GET [/community/world/api/community/world/pages]}: getPages()
2026-05-19 09:34:53 [Test worker] TRACE o.s.w.s.m.m.a.RequestMappingHandlerMapping - 
	c.m.a.e.a.AccountController:
	{POST [/api/erp/account/save]}: save(Map)
	{GET [/api/erp/account/api/account/list]}: getAccountControllerList()
2026-05-19 09:34:53 [Test worker] TRACE o.s.w.s.m.m.a.RequestMappingHandlerMapping - 
	c.m.a.e.a.AdminController:
	{GET [/api/erp/admin/list]}: list()
	{POST [/api/erp/admin/save]}: save(Map)
2026-05-19 09:34:53 [Test worker] TRACE o.s.w.s.m.m.a.RequestMappingHandlerMapping - 
	c.m.a.e.c.CommController:
	{GET [/api/erp/comm/list]}: list()
	{POST [/api/erp/comm/save]}: save(Map)
2026-05-19 09:34:53 [Test worker] TRACE o.s.w.s.m.m.a.RequestMappingHandlerMapping - 
	c.m.a.e.c.ErpIndexController:
	{GET [/erp]}: index(Model)
	{GET [/event/{page}]}: event(String,Model)
	{GET [/account/{page}]}: account(String,Model)
	{GET [/sermon/{page}]}: sermon(String,Model)
	{GET [/humen/{page}]}: humen(String,Model)
	{GET [/ministry/{page}]}: ministry(String,Model)
	{GET [/training/{page}]}: training(String,Model)
	{GET [/stats/{page}]}: stats(String,Model)
	{GET [/comm/{page}]}: comm(String,Model)
	{GET [/facility/{page}]}: facility(String,Model)
	{GET [/api/erp/pages/extended]}: getPagesExtended()
	{GET [/api/erp/pages]}: getPages()
2026-05-19 09:34:53 [Test worker] TRACE o.s.w.s.m.m.a.RequestMappingHandlerMapping - 
	c.m.a.e.e.EventController:
	{GET [/api/erp/event/list]}: list()
	{POST [/api/erp/event/save]}: save(Map)
2026-05-19 09:34:53 [Test worker] TRACE o.s.w.s.m.m.a.RequestMappingHandlerMapping - 
	c.m.a.e.f.FacilityController:
	{GET [/api/erp/facility/list]}: list()
	{POST [/api/erp/facility/save]}: save(Map)
2026-05-19 09:34:53 [Test worker] TRACE o.s.w.s.m.m.a.RequestMappingHandlerMapping - 
	c.m.a.e.h.HumenController:
	{GET [/api/erp/humen/list]}: list()
	{POST [/api/erp/humen/save]}: save(Map)
2026-05-19 09:34:53 [Test worker] TRACE o.s.w.s.m.m.a.RequestMappingHandlerMapping - 
	c.m.a.e.m.MinistryController:
	{GET [/api/erp/ministry/list]}: list()
	{POST [/api/erp/ministry/save]}: save(Map)
2026-05-19 09:34:53 [Test worker] TRACE o.s.w.s.m.m.a.RequestMappingHandlerMapping - 
	c.m.a.e.s.SermonController:
	{GET [/api/erp/sermon/list]}: list()
	{POST [/api/erp/sermon/save]}: save(Map)
2026-05-19 09:34:53 [Test worker] TRACE o.s.w.s.m.m.a.RequestMappingHandlerMapping - 
	c.m.a.e.s.StatsController:
	{GET [/api/erp/stats/list]}: list()
	{POST [/api/erp/stats/save]}: save(Map)
2026-05-19 09:34:53 [Test worker] TRACE o.s.w.s.m.m.a.RequestMappingHandlerMapping - 
	c.m.a.e.t.TrainingController:
	{GET [/api/erp/training/list]}: list()
	{POST [/api/erp/training/save]}: save(Map)
2026-05-19 09:34:53 [Test worker] TRACE o.s.w.s.m.m.a.RequestMappingHandlerMapping - 
	c.m.a.m.u.MypageUserController:
	{GET [/api/mypage/user/profile]}: getProfile()
	{GET [/api/mypage/user/notifications]}: getNotificationSettings()
	{GET [/api/mypage/user/withdraw]}: getWithdrawPolicy()
	{GET [/api/mypage/user/activity]}: getActivityList(int,int)
	{GET [/api/mypage/user/inquiry]}: getInquiryList(int,int)
	{GET [/api/mypage/user/password]}: getPasswordPolicy()
2026-05-19 09:34:53 [Test worker] TRACE o.s.w.s.m.m.a.RequestMappingHandlerMapping - 
	c.m.a.o.a.AboutController:
	{GET [/about/pastor]}: pastorPage(Model)
	{GET [/about/history]}: historyPage(Model)
	{GET [/about/vision]}: visionPage(Model)
	{GET [/about/beliefs]}: beliefsPage(Model)
2026-05-19 09:34:53 [Test worker] TRACE o.s.w.s.m.m.a.RequestMappingHandlerMapping - 
	c.m.a.o.a.AnnouncementBoardController:
	{POST [/api/news/announcement/update]}: update(BoardDto,List)
	{GET [/api/news/announcement]}: list(int,String,String)
	{POST [/api/news/announcement/delete]}: delete(String)
	{POST [/api/news/announcement/write]}: save(BoardDto,List)
	{GET [/api/news/announcement/view]}: view(String,HttpSession)
	{GET [/api/news/announcement/write]}: writeForm(String)
	{GET [/api/news/announcement/download]}: download(Long)
	{POST [/api/news/announcement/view]}: checkPasswordAndView(String,String)
	{POST [/api/news/announcement/comment/write]}: writeComment(CommentDto)
	{GET [/api/news/announcement/reply]}: replyForm(String)
	{POST [/api/news/announcement/comment/vote]}: likeComment(Map,HttpSession)
2026-05-19 09:34:53 [Test worker] TRACE o.s.w.s.m.m.a.RequestMappingHandlerMapping - 
	c.m.a.o.a.BulletinBoardController:
	{POST [/api/news/bulletin/update]}: update(BoardDto,List)
	{GET [/api/news/bulletin]}: list(int,String,String)
	{POST [/api/news/bulletin/delete]}: delete(String)
	{POST [/api/news/bulletin/write]}: save(BoardDto,List)
	{GET [/api/news/bulletin/view]}: view(String,HttpSession)
	{GET [/api/news/bulletin/write]}: writeForm(String)
	{GET [/api/news/bulletin/download]}: download(Long)
	{POST [/api/news/bulletin/view]}: checkPasswordAndView(String,String)
	{POST [/api/news/bulletin/comment/write]}: writeComment(CommentDto)
	{GET [/api/news/bulletin/reply]}: replyForm(String)
	{POST [/api/news/bulletin/comment/vote]}: likeComment(Map,HttpSession)
2026-05-19 09:34:53 [Test worker] TRACE o.s.w.s.m.m.a.RequestMappingHandlerMapping - 
	c.m.a.o.a.ChildrenBoardController:
	{POST [/api/ministries/children/update]}: update(BoardDto,List)
	{GET [/api/ministries/children]}: list(int,String,String)
	{POST [/api/ministries/children/delete]}: delete(String)
	{POST [/api/ministries/children/write]}: save(BoardDto,List)
	{GET [/api/ministries/children/view]}: view(String,HttpSession)
	{GET [/api/ministries/children/write]}: writeForm(String)
	{GET [/api/ministries/children/download]}: download(Long)
	{POST [/api/ministries/children/view]}: checkPasswordAndView(String,String)
	{POST [/api/ministries/children/comment/write]}: writeComment(CommentDto)
	{GET [/api/ministries/children/reply]}: replyForm(String)
	{POST [/api/ministries/children/comment/vote]}: likeComment(Map,HttpSession)
2026-05-19 09:34:53 [Test worker] TRACE o.s.w.s.m.m.a.RequestMappingHandlerMapping - 
	c.m.a.o.a.MissionBoardController:
	{POST [/api/ministries/mission/update]}: update(BoardDto,List)
	{GET [/api/ministries/mission]}: list(int,String,String)
	{POST [/api/ministries/mission/delete]}: delete(String)
	{POST [/api/ministries/mission/write]}: save(BoardDto,List)
	{GET [/api/ministries/mission/view]}: view(String,HttpSession)
	{GET [/api/ministries/mission/write]}: writeForm(String)
	{GET [/api/ministries/mission/download]}: download(Long)
	{POST [/api/ministries/mission/view]}: checkPasswordAndView(String,String)
	{POST [/api/ministries/mission/comment/write]}: writeComment(CommentDto)
	{GET [/api/ministries/mission/reply]}: replyForm(String)
	{POST [/api/ministries/mission/comment/vote]}: likeComment(Map,HttpSession)
2026-05-19 09:34:53 [Test worker] TRACE o.s.w.s.m.m.a.RequestMappingHandlerMapping - 
	c.m.a.o.a.OfficialQnaBoardController:
	{POST [/api/support/qna/update]}: update(BoardDto,List)
	{GET [/api/support/qna]}: list(int,String,String)
	{POST [/api/support/qna/delete]}: delete(String)
	{POST [/api/support/qna/write]}: save(BoardDto,List)
	{GET [/api/support/qna/view]}: view(String,HttpSession)
	{GET [/api/support/qna/write]}: writeForm(String)
	{GET [/api/support/qna/download]}: download(Long)
	{POST [/api/support/qna/view]}: checkPasswordAndView(String,String)
	{POST [/api/support/qna/comment/write]}: writeComment(CommentDto)
	{GET [/api/support/qna/reply]}: replyForm(String)
	{POST [/api/support/qna/comment/vote]}: likeComment(Map,HttpSession)
2026-05-19 09:34:53 [Test worker] TRACE o.s.w.s.m.m.a.RequestMappingHandlerMapping - 
	c.m.a.o.a.RegistrationBoardController:
	{POST [/api/news/registration/update]}: update(BoardDto,List)
	{GET [/api/news/registration]}: list(int,String,String)
	{POST [/api/news/registration/delete]}: delete(String)
	{POST [/api/news/registration/write]}: save(BoardDto,List)
	{GET [/api/news/registration/view]}: view(String,HttpSession)
	{GET [/api/news/registration/write]}: writeForm(String)
	{GET [/api/news/registration/download]}: download(Long)
	{POST [/api/news/registration/view]}: checkPasswordAndView(String,String)
	{POST [/api/news/registration/comment/write]}: writeComment(CommentDto)
	{GET [/api/news/registration/reply]}: replyForm(String)
	{POST [/api/news/registration/comment/vote]}: likeComment(Map,HttpSession)
2026-05-19 09:34:53 [Test worker] TRACE o.s.w.s.m.m.a.RequestMappingHandlerMapping - 
	c.m.a.o.a.SermonsBoardController:
	{POST [/api/worship/sermons/update]}: update(BoardDto,List)
	{GET [/api/worship/sermons]}: list(int,String,String)
	{POST [/api/worship/sermons/delete]}: delete(String)
	{POST [/api/worship/sermons/write]}: save(BoardDto,List)
	{GET [/api/worship/sermons/view]}: view(String,HttpSession)
	{GET [/api/worship/sermons/write]}: writeForm(String)
	{GET [/api/worship/sermons/download]}: download(Long)
	{POST [/api/worship/sermons/view]}: checkPasswordAndView(String,String)
	{POST [/api/worship/sermons/comment/write]}: writeComment(CommentDto)
	{GET [/api/worship/sermons/reply]}: replyForm(String)
	{POST [/api/worship/sermons/comment/vote]}: likeComment(Map,HttpSession)
2026-05-19 09:34:53 [Test worker] TRACE o.s.w.s.m.m.a.RequestMappingHandlerMapping - 
	c.m.a.o.a.YouthBoardController:
	{POST [/api/ministries/youth/update]}: update(BoardDto,List)
	{GET [/api/ministries/youth]}: list(int,String,String)
	{POST [/api/ministries/youth/delete]}: delete(String)
	{POST [/api/ministries/youth/write]}: save(BoardDto,List)
	{GET [/api/ministries/youth/view]}: view(String,HttpSession)
	{GET [/api/ministries/youth/write]}: writeForm(String)
	{GET [/api/ministries/youth/download]}: download(Long)
	{POST [/api/ministries/youth/view]}: checkPasswordAndView(String,String)
	{POST [/api/ministries/youth/comment/write]}: writeComment(CommentDto)
	{GET [/api/ministries/youth/reply]}: replyForm(String)
	{POST [/api/ministries/youth/comment/vote]}: likeComment(Map,HttpSession)
2026-05-19 09:34:53 [Test worker] TRACE o.s.w.s.m.m.a.RequestMappingHandlerMapping - 
	c.m.a.o.c.MainController:
	{GET [/]}: index(Model,HttpServletRequest)
	{GET [/api/menu/path]}: findMenuByPath(String,String)
	{GET [/api/menu/top]}: getTopMenus(String)
	{GET [/api/menu/hierarchical]}: getHierarchicalMenus(String)
	{GET [/api/menu/top-menu]}: findTopMenuByPath(String,String)
2026-05-19 09:34:53 [Test worker] TRACE o.s.w.s.m.m.a.RequestMappingHandlerMapping - 
	c.m.a.o.m.MinistriesController:
	{GET [/ministries/youth]}: youthPage(Model)
	{GET [/ministries/mission]}: missionPage(Model)
	{GET [/ministries/children]}: childrenPage(Model)
	{GET [/ministries/api/ministries/pages]}: getPages()
2026-05-19 09:34:53 [Test worker] TRACE o.s.w.s.m.m.a.RequestMappingHandlerMapping - 
	c.m.a.o.n.NewsController:
	{GET [/news/announcement]}: announcementPage(Model)
	{GET [/news/bulletin]}: bulletinPage(Model)
	{GET [/news/registration]}: registrationPage(Model)
	{GET [/news/event]}: eventPage(Model)
2026-05-19 09:34:53 [Test worker] TRACE o.s.w.s.m.m.a.RequestMappingHandlerMapping - 
	c.m.a.o.s.SupportController:
	{GET [/support/location]}: locationPage(Model)
	{GET [/support/faq]}: faqPage(Model)
	{GET [/support/qna]}: qnaPage(Model)
	{GET [/support/api/support/pages]}: getPages()
2026-05-19 09:34:53 [Test worker] TRACE o.s.w.s.m.m.a.RequestMappingHandlerMapping - 
	c.m.a.o.w.WorshipController:
	{GET [/worship/live]}: livePage(Model)
	{GET [/worship/sermons]}: sermonsPage(Model)
	{GET [/worship/time]}: timePage(Model)
	{GET [/worship/api/worship/pages]}: getPages()
2026-05-19 09:34:53 [Test worker] TRACE o.s.w.s.m.m.a.RequestMappingHandlerMapping - 
	c.m.a.s.b.BackupController:
	{GET [/system/backup/policy]}: policyPage(Model)
	{GET [/system/backup/history]}: historyPage(Model)
	{GET [/system/backup/api/backup/policy]}: getBackupPolicyList(int,int)
	{GET [/system/backup/api/backup/history]}: getBackupHistoryList(int,int,String)
2026-05-19 09:34:53 [Test worker] TRACE o.s.w.s.m.m.a.RequestMappingHandlerMapping - 
	c.m.a.s.c.ConfigController:
	{GET [/system/config/api/config/menus]}: getMenuList(int,int)
	{GET [/system/config/code]}: codePage(Model)
	{GET [/system/config/menu]}: menuPage(Model)
	{GET [/system/config/api/config/codes]}: getCodeList(int,int,String)
2026-05-19 09:34:53 [Test worker] TRACE o.s.w.s.m.m.a.RequestMappingHandlerMapping - 
	c.m.a.s.c.SystemIndexController:
	{GET [/system]}: index(Model)
	{GET [/system/{category}/{page}]}: systemPage(String,String,Model)
	{GET [/system/api/pages]}: getPages()
2026-05-19 09:34:53 [Test worker] TRACE o.s.w.s.m.m.a.RequestMappingHandlerMapping - 
	c.m.a.s.c.SystemLegacyRedirectController:
	{GET [/config/{page:code|menu}]}: redirectConfigLegacy(String)
	{GET [/backup/{page:policy|history}]}: redirectBackupLegacy(String)
	{GET [/user/{page:manager|role}]}: redirectUserLegacy(String)
	{GET [/log/{page:system|audit}]}: redirectLogLegacy(String)
2026-05-19 09:34:53 [Test worker] TRACE o.s.w.s.m.m.a.RequestMappingHandlerMapping - 
	c.m.a.s.l.LogController:
	{GET [/system/log/system]}: systemPage(Model)
	{GET [/system/log/audit]}: auditPage(Model)
	{GET [/system/log/api/log/system]}: getSystemLogList(int,int,String)
	{GET [/system/log/api/log/audit]}: getAuditLogList(int,int,String)
2026-05-19 09:34:53 [Test worker] TRACE o.s.w.s.m.m.a.RequestMappingHandlerMapping - 
	c.m.a.s.u.UserController:
	{GET [/system/user/role]}: rolePage(Model)
	{GET [/system/user/api/user/list]}: getUserList(int,int,String)
	{GET [/system/user/api/user/roles]}: getRoleList(int,int)
	{GET [/system/user/manager]}: managerPage(Model)
2026-05-19 09:34:53 [Test worker] TRACE o.s.w.s.m.m.a.RequestMappingHandlerMapping - 
	o.s.b.a.w.s.e.BasicErrorController:
	{ [/error]}: error(HttpServletRequest)
	{ [/error], produces [text/html]}: errorHtml(HttpServletRequest,HttpServletResponse)
2026-05-19 09:34:53 [Test worker] DEBUG o.s.w.s.m.m.a.RequestMappingHandlerMapping - 247 mappings in 'requestMappingHandlerMapping'
2026-05-19 09:34:53 [Test worker] DEBUG o.s.w.s.h.SimpleUrlHandlerMapping - Patterns [/webjars/**, /**] in 'resourceHandlerMapping'
2026-05-19 09:34:54 [Test worker] DEBUG o.s.w.s.m.m.a.RequestMappingHandlerAdapter - ControllerAdvice beans: 1 @ModelAttribute, 0 @InitBinder, 1 RequestBodyAdvice, 1 ResponseBodyAdvice
2026-05-19 09:34:54 [Test worker] DEBUG o.s.w.s.m.m.a.ExceptionHandlerExceptionResolver - ControllerAdvice beans: 1 @ExceptionHandler, 1 ResponseBodyAdvice
2026-05-19 09:34:54 [Test worker] INFO  com.main.app.AppApplicationTests - Started AppApplicationTests in 5.968 seconds (process running for 7.339)
2026-05-19 09:34:55 [SpringApplicationShutdownHook] DEBUG o.s.w.c.s.GenericWebApplicationContext - Closing org.springframework.web.context.support.GenericWebApplicationContext@682bd3c4, started on Tue May 19 09:34:49 KST 2026
2026-05-19 09:34:55 [SpringApplicationShutdownHook] INFO  o.s.o.j.LocalContainerEntityManagerFactoryBean - Closing JPA EntityManagerFactory for persistence unit 'default'
2026-05-19 09:34:55 [SpringApplicationShutdownHook] INFO  com.zaxxer.hikari.HikariDataSource - HikariPool-1 - Shutdown initiated...
2026-05-19 09:34:55 [SpringApplicationShutdownHook] INFO  com.zaxxer.hikari.HikariDataSource - HikariPool-1 - Shutdown completed.
2026-05-19 09:35:19 [Test worker] INFO  com.main.app.AppApplicationTests - Starting AppApplicationTests using Java 17.0.9 with PID 40064 (started by msi in C:\privWork\workspace\webProject)
2026-05-19 09:35:19 [Test worker] DEBUG com.main.app.AppApplicationTests - Running with Spring Boot v3.3.1, Spring v6.1.10
2026-05-19 09:35:19 [Test worker] INFO  com.main.app.AppApplicationTests - No active profile set, falling back to 1 default profile: "default"
2026-05-19 09:35:19 [Test worker] DEBUG o.s.w.c.s.GenericWebApplicationContext - Refreshing org.springframework.web.context.support.GenericWebApplicationContext@682bd3c4
2026-05-19 09:35:20 [Test worker] INFO  o.s.d.r.c.RepositoryConfigurationDelegate - Bootstrapping Spring Data JPA repositories in DEFAULT mode.
2026-05-19 09:35:20 [Test worker] INFO  o.s.d.r.c.RepositoryConfigurationDelegate - Finished Spring Data repository scanning in 26 ms. Found 0 JPA repository interfaces.
2026-05-19 09:35:20 [Test worker] DEBUG o.m.s.mapper.ClassPathMapperScanner - Identified candidate component class: file [C:\privWork\workspace\webProject\build\classes\java\main\com\main\app\auth\mapper\UserMapper.class]
2026-05-19 09:35:20 [Test worker] DEBUG o.m.s.mapper.ClassPathMapperScanner - Identified candidate component class: file [C:\privWork\workspace\webProject\build\classes\java\main\com\main\app\common\mapper\AutoNoMapper.class]
2026-05-19 09:35:20 [Test worker] DEBUG o.m.s.mapper.ClassPathMapperScanner - Identified candidate component class: file [C:\privWork\workspace\webProject\build\classes\java\main\com\main\app\common\mapper\BoardMapper.class]
2026-05-19 09:35:20 [Test worker] DEBUG o.m.s.mapper.ClassPathMapperScanner - Identified candidate component class: file [C:\privWork\workspace\webProject\build\classes\java\main\com\main\app\common\mapper\MenuMapper.class]
2026-05-19 09:35:20 [Test worker] DEBUG o.m.s.mapper.ClassPathMapperScanner - Creating MapperFactoryBean with name 'userMapper' and 'com.main.app.auth.mapper.UserMapper' mapperInterface
2026-05-19 09:35:20 [Test worker] DEBUG o.m.s.mapper.ClassPathMapperScanner - Enabling autowire by type for MapperFactoryBean with name 'userMapper'.
2026-05-19 09:35:20 [Test worker] DEBUG o.m.s.mapper.ClassPathMapperScanner - Creating MapperFactoryBean with name 'autoNoMapper' and 'com.main.app.common.mapper.AutoNoMapper' mapperInterface
2026-05-19 09:35:20 [Test worker] DEBUG o.m.s.mapper.ClassPathMapperScanner - Enabling autowire by type for MapperFactoryBean with name 'autoNoMapper'.
2026-05-19 09:35:20 [Test worker] DEBUG o.m.s.mapper.ClassPathMapperScanner - Creating MapperFactoryBean with name 'boardMapper' and 'com.main.app.common.mapper.BoardMapper' mapperInterface
2026-05-19 09:35:20 [Test worker] DEBUG o.m.s.mapper.ClassPathMapperScanner - Enabling autowire by type for MapperFactoryBean with name 'boardMapper'.
2026-05-19 09:35:20 [Test worker] DEBUG o.m.s.mapper.ClassPathMapperScanner - Creating MapperFactoryBean with name 'menuMapper' and 'com.main.app.common.mapper.MenuMapper' mapperInterface
2026-05-19 09:35:20 [Test worker] DEBUG o.m.s.mapper.ClassPathMapperScanner - Enabling autowire by type for MapperFactoryBean with name 'menuMapper'.
2026-05-19 09:35:20 [Test worker] INFO  com.zaxxer.hikari.HikariDataSource - HikariPool-1 - Starting...
2026-05-19 09:35:21 [Test worker] INFO  com.zaxxer.hikari.pool.HikariPool - HikariPool-1 - Added connection org.postgresql.jdbc.PgConnection@5e193ef5
2026-05-19 09:35:21 [Test worker] INFO  com.zaxxer.hikari.HikariDataSource - HikariPool-1 - Start completed.
2026-05-19 09:35:21 [Test worker] INFO  o.h.jpa.internal.util.LogHelper - HHH000204: Processing PersistenceUnitInfo [name: default]
2026-05-19 09:35:21 [Test worker] INFO  org.hibernate.Version - HHH000412: Hibernate ORM core version 6.5.2.Final
2026-05-19 09:35:21 [Test worker] INFO  o.h.c.i.RegionFactoryInitiator - HHH000026: Second-level cache disabled
2026-05-19 09:35:21 [Test worker] INFO  o.s.o.j.p.SpringPersistenceUnitInfo - No LoadTimeWeaver setup: ignoring JPA class transformer
2026-05-19 09:35:22 [Test worker] INFO  o.h.e.t.j.p.i.JtaPlatformInitiator - HHH000489: No JTA platform available (set 'hibernate.transaction.jta.platform' to enable JTA platform integration)
2026-05-19 09:35:22 [Test worker] INFO  o.s.o.j.LocalContainerEntityManagerFactoryBean - Initialized JPA EntityManagerFactory for persistence unit 'default'
2026-05-19 09:35:22 [Test worker] DEBUG o.m.spring.SqlSessionFactoryBean - Parsed mapper file: 'file [C:\privWork\workspace\webProject\build\resources\main\mapper\auth\UserMapper.xml]'
2026-05-19 09:35:22 [Test worker] DEBUG o.m.spring.SqlSessionFactoryBean - Parsed mapper file: 'file [C:\privWork\workspace\webProject\build\resources\main\mapper\common\AutoNoMapper.xml]'
2026-05-19 09:35:22 [Test worker] DEBUG o.m.spring.SqlSessionFactoryBean - Parsed mapper file: 'file [C:\privWork\workspace\webProject\build\resources\main\mapper\common\MenuMapper.xml]'
2026-05-19 09:35:22 [Test worker] DEBUG o.m.spring.SqlSessionFactoryBean - Parsed mapper file: 'file [C:\privWork\workspace\webProject\build\resources\main\mapper\community\BoardMapper.xml]'
2026-05-19 09:35:22 [Test worker] DEBUG o.m.spring.SqlSessionFactoryBean - Parsed mapper file: 'file [C:\privWork\workspace\webProject\build\resources\main\mapper\community\facilities\FacilitiesMapper.xml]'
2026-05-19 09:35:22 [Test worker] DEBUG o.m.spring.SqlSessionFactoryBean - Parsed mapper file: 'file [C:\privWork\workspace\webProject\build\resources\main\mapper\community\group\GroupMapper.xml]'
2026-05-19 09:35:22 [Test worker] DEBUG o.m.spring.SqlSessionFactoryBean - Parsed mapper file: 'file [C:\privWork\workspace\webProject\build\resources\main\mapper\community\qna\QnaMapper.xml]'
2026-05-19 09:35:22 [Test worker] DEBUG o.m.spring.SqlSessionFactoryBean - Parsed mapper file: 'file [C:\privWork\workspace\webProject\build\resources\main\mapper\community\saint\SaintMapper.xml]'
2026-05-19 09:35:22 [Test worker] DEBUG o.m.spring.SqlSessionFactoryBean - Parsed mapper file: 'file [C:\privWork\workspace\webProject\build\resources\main\mapper\community\world\WorldMapper.xml]'
2026-05-19 09:35:22 [Test worker] DEBUG o.m.spring.SqlSessionFactoryBean - Parsed mapper file: 'file [C:\privWork\workspace\webProject\build\resources\main\mapper\erp\account\AccountMapper.xml]'
2026-05-19 09:35:22 [Test worker] DEBUG o.m.spring.SqlSessionFactoryBean - Parsed mapper file: 'file [C:\privWork\workspace\webProject\build\resources\main\mapper\erp\admin\AdminMapper.xml]'
2026-05-19 09:35:22 [Test worker] DEBUG o.m.spring.SqlSessionFactoryBean - Parsed mapper file: 'file [C:\privWork\workspace\webProject\build\resources\main\mapper\erp\comm\CommMapper.xml]'
2026-05-19 09:35:22 [Test worker] DEBUG o.m.spring.SqlSessionFactoryBean - Parsed mapper file: 'file [C:\privWork\workspace\webProject\build\resources\main\mapper\erp\event\EventMapper.xml]'
2026-05-19 09:35:22 [Test worker] DEBUG o.m.spring.SqlSessionFactoryBean - Parsed mapper file: 'file [C:\privWork\workspace\webProject\build\resources\main\mapper\erp\facility\FacilityMapper.xml]'
2026-05-19 09:35:22 [Test worker] DEBUG o.m.spring.SqlSessionFactoryBean - Parsed mapper file: 'file [C:\privWork\workspace\webProject\build\resources\main\mapper\erp\humen\HumenMapper.xml]'
2026-05-19 09:35:22 [Test worker] DEBUG o.m.spring.SqlSessionFactoryBean - Parsed mapper file: 'file [C:\privWork\workspace\webProject\build\resources\main\mapper\erp\ministry\MinistryMapper.xml]'
2026-05-19 09:35:22 [Test worker] DEBUG o.m.spring.SqlSessionFactoryBean - Parsed mapper file: 'file [C:\privWork\workspace\webProject\build\resources\main\mapper\erp\sermon\SermonMapper.xml]'
2026-05-19 09:35:22 [Test worker] DEBUG o.m.spring.SqlSessionFactoryBean - Parsed mapper file: 'file [C:\privWork\workspace\webProject\build\resources\main\mapper\erp\stats\StatsMapper.xml]'
2026-05-19 09:35:22 [Test worker] DEBUG o.m.spring.SqlSessionFactoryBean - Parsed mapper file: 'file [C:\privWork\workspace\webProject\build\resources\main\mapper\erp\training\TrainingMapper.xml]'
2026-05-19 09:35:22 [Test worker] DEBUG o.m.spring.SqlSessionFactoryBean - Parsed mapper file: 'file [C:\privWork\workspace\webProject\build\resources\main\mapper\official\about\AboutMapper.xml]'
2026-05-19 09:35:22 [Test worker] DEBUG o.m.spring.SqlSessionFactoryBean - Parsed mapper file: 'file [C:\privWork\workspace\webProject\build\resources\main\mapper\official\ministries\MinistriesMapper.xml]'
2026-05-19 09:35:22 [Test worker] DEBUG o.m.spring.SqlSessionFactoryBean - Parsed mapper file: 'file [C:\privWork\workspace\webProject\build\resources\main\mapper\official\news\NewsMapper.xml]'
2026-05-19 09:35:22 [Test worker] DEBUG o.m.spring.SqlSessionFactoryBean - Parsed mapper file: 'file [C:\privWork\workspace\webProject\build\resources\main\mapper\official\support\SupportMapper.xml]'
2026-05-19 09:35:22 [Test worker] DEBUG o.m.spring.SqlSessionFactoryBean - Parsed mapper file: 'file [C:\privWork\workspace\webProject\build\resources\main\mapper\official\worship\WorshipMapper.xml]'
2026-05-19 09:35:22 [Test worker] DEBUG o.m.spring.SqlSessionFactoryBean - Parsed mapper file: 'file [C:\privWork\workspace\webProject\build\resources\main\mapper\system\backup\BackupMapper.xml]'
2026-05-19 09:35:22 [Test worker] DEBUG o.m.spring.SqlSessionFactoryBean - Parsed mapper file: 'file [C:\privWork\workspace\webProject\build\resources\main\mapper\system\config\ConfigMapper.xml]'
2026-05-19 09:35:22 [Test worker] DEBUG o.m.spring.SqlSessionFactoryBean - Parsed mapper file: 'file [C:\privWork\workspace\webProject\build\resources\main\mapper\system\log\LogMapper.xml]'
2026-05-19 09:35:22 [Test worker] DEBUG o.m.spring.SqlSessionFactoryBean - Parsed mapper file: 'file [C:\privWork\workspace\webProject\build\resources\main\mapper\system\user\UserMapper.xml]'
2026-05-19 09:35:23 [Test worker] WARN  o.s.b.a.o.j.JpaBaseConfiguration$JpaWebConfiguration - spring.jpa.open-in-view is enabled by default. Therefore, database queries may be performed during view rendering. Explicitly configure spring.jpa.open-in-view to disable this warning
2026-05-19 09:35:23 [Test worker] WARN  o.s.b.a.s.s.UserDetailsServiceAutoConfiguration - 

Using generated security password: a336457b-5960-4e33-9a55-b8eb78bd0642

This generated password is for development use only. Your security configuration must be updated before running your application in production.

2026-05-19 09:35:23 [Test worker] INFO  o.s.s.c.a.a.c.InitializeUserDetailsBeanManagerConfigurer$InitializeUserDetailsManagerConfigurer - Global AuthenticationManager configured with UserDetailsService bean with name inMemoryUserDetailsManager
2026-05-19 09:35:23 [Test worker] TRACE o.s.w.s.m.m.a.RequestMappingHandlerMapping - 
	c.m.a.a.c.AuthController:
	{POST [/api/auth/register]}: register(RegisterRequest)
	{GET [/api/auth/me]}: me(HttpSession)
	{GET [/api/auth/check]}: check(HttpSession)
	{POST [/api/auth/login]}: login(LoginRequest,HttpSession)
	{POST [/api/auth/logout]}: logout(HttpSession)
	{GET [/api/auth/check-userid]}: checkUserId(String)
	{GET [/api/auth/check-email]}: checkEmail(String)
2026-05-19 09:35:23 [Test worker] TRACE o.s.w.s.m.m.a.RequestMappingHandlerMapping - 
	c.m.a.a.c.UserController:
	{POST [/user/register]}: register(UserDto,RedirectAttributes)
	{GET [/user/api/auth/me]}: me(HttpSession)
	{GET [/user/api/auth/check]}: check(HttpSession)
	{POST [/user/login]}: login(String,String,String,HttpSession,RedirectAttributes)
	{GET [/user/logout]}: logout(HttpSession)
	{GET [/user/check-userid]}: checkUserId(String)
	{GET [/user/check-email]}: checkEmail(String)
	{GET [/user/login]}: loginPage(Model,String)
	{GET [/user/register]}: registerPage(Model)
	{GET [/user/mypage]}: myPage(HttpSession,Model)
	{POST [/user/update]}: updateUser(UserDto,HttpSession,RedirectAttributes)
	{GET [/user/change-password]}: changePasswordPage(HttpSession)
	{POST [/user/change-password]}: changePassword(String,String,HttpSession,RedirectAttributes)
	{POST [/user/api/auth/register]}: apiRegister(RegisterRequest)
	{GET [/user/api/auth/check-userid]}: apiCheckUserId(String)
	{POST [/user/api/auth/logout]}: apiLogout(HttpSession)
	{POST [/user/api/auth/login]}: apiLogin(LoginRequest,HttpSession)
	{GET [/user/api/auth/check-email]}: apiCheckEmail(String)
	{GET [/user/find-password]}: findPasswordPage()
	{GET [/user/find-id]}: findIdPage()
2026-05-19 09:35:23 [Test worker] TRACE o.s.w.s.m.m.a.RequestMappingHandlerMapping - 
	c.m.a.c.c.CommunityIndexController:
	{GET [/community]}: index(Model)
2026-05-19 09:35:23 [Test worker] TRACE o.s.w.s.m.m.a.RequestMappingHandlerMapping - 
	c.m.a.c.c.CommunityLegacyRedirectController:
	{POST [/facilities || /board || /group || /saint || /world || /facilities/** || /board/** || /group/** || /saint/** || /world/**]}: forwardLegacyPost(HttpServletRequest)
	{GET [/facilities || /board || /group || /saint || /world || /facilities/** || /board/** || /group/** || /saint/** || /world/**]}: redirectLegacyGet(HttpServletRequest)
2026-05-19 09:35:23 [Test worker] TRACE o.s.w.s.m.m.a.RequestMappingHandlerMapping - 
	c.m.a.c.c.QnaController:
	{POST [/community/board/update]}: update(BoardDto,List)
	{GET [/community/board]}: list(int,String,String)
	{POST [/community/board/delete]}: delete(String)
	{POST [/community/board/write]}: save(BoardDto,List)
	{GET [/community/board/view]}: view(String,HttpSession)
	{GET [/community/board/download]}: download(Long)
	{GET [/community/board/reply]}: replyForm(String)
	{POST [/community/board/comment/write]}: writeComment(CommentDto)
	{POST [/community/board/comment/vote]}: likeComment(Map,HttpSession)
	{POST [/community/board/view]}: checkPasswordAndView(String,String)
	{GET [/community/board/write]}: writeForm(String)
2026-05-19 09:35:23 [Test worker] TRACE o.s.w.s.m.m.a.RequestMappingHandlerMapping - 
	c.m.a.c.f.FacilitiesController:
	{GET [/community/facilities/api/community/facilities/calendar]}: getCalendar(String,String)
	{GET [/community/facilities/api/community/facilities/dining]}: getDiningList(int,int)
	{GET [/community/facilities/api/community/facilities/pages]}: getPages()
	{GET [/community/facilities/api/community/facilities/prayer]}: getPrayerInfo()
	{GET [/community/facilities/calendar]}: calendarPage(Model)
	{GET [/community/facilities/dining]}: diningPage(Model)
	{GET [/community/facilities/prayer]}: prayerPage(Model)
2026-05-19 09:35:23 [Test worker] TRACE o.s.w.s.m.m.a.RequestMappingHandlerMapping - 
	c.m.a.c.g.GroupController:
	{GET [/community/group/api/community/group/pages]}: getPages()
	{GET [/community/group/groupb2]}: groupb2Page(Model)
	{GET [/community/group/groupa1]}: groupa1Page(Model)
	{GET [/community/group/api/community/group/list]}: getGroupList(int,int,String)
	{GET [/community/group/api/community/group/a1]}: getGroupA1(int,int)
	{GET [/community/group/api/community/group/b2]}: getGroupB2(int,int)
	{GET [/community/group/manager]}: managerPage(Model)
2026-05-19 09:35:23 [Test worker] TRACE o.s.w.s.m.m.a.RequestMappingHandlerMapping - 
	c.m.a.c.q.QnaCommunityController:
	
2026-05-19 09:35:23 [Test worker] TRACE o.s.w.s.m.m.a.RequestMappingHandlerMapping - 
	c.m.a.c.q.QnaController:
	
2026-05-19 09:35:23 [Test worker] TRACE o.s.w.s.m.m.a.RequestMappingHandlerMapping - 
	c.m.a.c.s.SaintController:
	{GET [/community/saint/api/community/saint/pages]}: getPages()
	{GET [/community/saint/api/community/saint/family]}: getFamilyList(int,int,String)
	{GET [/community/saint/family]}: familyPage(Model)
	{GET [/community/saint/api/community/saint/job]}: getJobList(int,int)
	{GET [/community/saint/api/community/saint/pray]}: getPrayList(int,int)
	{GET [/community/saint/sales]}: salesPage(Model)
	{GET [/community/saint/job]}: jobPage(Model)
	{GET [/community/saint/pray]}: prayPage(Model)
	{GET [/community/saint/api/community/saint/sales]}: getSalesList(int,int)
2026-05-19 09:35:23 [Test worker] TRACE o.s.w.s.m.m.a.RequestMappingHandlerMapping - 
	c.m.a.c.w.WorldController:
	{GET [/community/world/api/community/world/pages]}: getPages()
	{GET [/community/world/api/community/world/christian]}: getChristianNews(int,int,String)
	{GET [/community/world/api/community/world/economic]}: getEconomicNews(int,int)
	{GET [/community/world/api/community/world/health]}: getHealthNews(int,int)
	{GET [/community/world/christian]}: christianPage(Model)
	{GET [/community/world/health]}: healthPage(Model)
	{GET [/community/world/economic]}: economicPage(Model)
2026-05-19 09:35:23 [Test worker] TRACE o.s.w.s.m.m.a.RequestMappingHandlerMapping - 
	c.m.a.e.a.AccountController:
	{POST [/api/erp/account/save]}: save(Map)
	{GET [/api/erp/account/api/account/list]}: getAccountControllerList()
2026-05-19 09:35:23 [Test worker] TRACE o.s.w.s.m.m.a.RequestMappingHandlerMapping - 
	c.m.a.e.a.AdminController:
	{GET [/api/erp/admin/list]}: list()
	{POST [/api/erp/admin/save]}: save(Map)
2026-05-19 09:35:23 [Test worker] TRACE o.s.w.s.m.m.a.RequestMappingHandlerMapping - 
	c.m.a.e.c.CommController:
	{GET [/api/erp/comm/list]}: list()
	{POST [/api/erp/comm/save]}: save(Map)
2026-05-19 09:35:23 [Test worker] TRACE o.s.w.s.m.m.a.RequestMappingHandlerMapping - 
	c.m.a.e.c.ErpIndexController:
	{GET [/erp]}: index(Model)
	{GET [/event/{page}]}: event(String,Model)
	{GET [/account/{page}]}: account(String,Model)
	{GET [/comm/{page}]}: comm(String,Model)
	{GET [/stats/{page}]}: stats(String,Model)
	{GET [/api/erp/pages]}: getPages()
	{GET [/humen/{page}]}: humen(String,Model)
	{GET [/sermon/{page}]}: sermon(String,Model)
	{GET [/ministry/{page}]}: ministry(String,Model)
	{GET [/training/{page}]}: training(String,Model)
	{GET [/facility/{page}]}: facility(String,Model)
	{GET [/api/erp/pages/extended]}: getPagesExtended()
2026-05-19 09:35:23 [Test worker] TRACE o.s.w.s.m.m.a.RequestMappingHandlerMapping - 
	c.m.a.e.e.EventController:
	{GET [/api/erp/event/list]}: list()
	{POST [/api/erp/event/save]}: save(Map)
2026-05-19 09:35:23 [Test worker] TRACE o.s.w.s.m.m.a.RequestMappingHandlerMapping - 
	c.m.a.e.f.FacilityController:
	{GET [/api/erp/facility/list]}: list()
	{POST [/api/erp/facility/save]}: save(Map)
2026-05-19 09:35:23 [Test worker] TRACE o.s.w.s.m.m.a.RequestMappingHandlerMapping - 
	c.m.a.e.h.HumenController:
	{GET [/api/erp/humen/list]}: list()
	{POST [/api/erp/humen/save]}: save(Map)
2026-05-19 09:35:23 [Test worker] TRACE o.s.w.s.m.m.a.RequestMappingHandlerMapping - 
	c.m.a.e.m.MinistryController:
	{GET [/api/erp/ministry/list]}: list()
	{POST [/api/erp/ministry/save]}: save(Map)
2026-05-19 09:35:23 [Test worker] TRACE o.s.w.s.m.m.a.RequestMappingHandlerMapping - 
	c.m.a.e.s.SermonController:
	{GET [/api/erp/sermon/list]}: list()
	{POST [/api/erp/sermon/save]}: save(Map)
2026-05-19 09:35:23 [Test worker] TRACE o.s.w.s.m.m.a.RequestMappingHandlerMapping - 
	c.m.a.e.s.StatsController:
	{GET [/api/erp/stats/list]}: list()
	{POST [/api/erp/stats/save]}: save(Map)
2026-05-19 09:35:23 [Test worker] TRACE o.s.w.s.m.m.a.RequestMappingHandlerMapping - 
	c.m.a.e.t.TrainingController:
	{GET [/api/erp/training/list]}: list()
	{POST [/api/erp/training/save]}: save(Map)
2026-05-19 09:35:23 [Test worker] TRACE o.s.w.s.m.m.a.RequestMappingHandlerMapping - 
	c.m.a.m.u.MypageUserController:
	{GET [/api/mypage/user/activity]}: getActivityList(int,int)
	{GET [/api/mypage/user/withdraw]}: getWithdrawPolicy()
	{GET [/api/mypage/user/password]}: getPasswordPolicy()
	{GET [/api/mypage/user/inquiry]}: getInquiryList(int,int)
	{GET [/api/mypage/user/profile]}: getProfile()
	{GET [/api/mypage/user/notifications]}: getNotificationSettings()
2026-05-19 09:35:23 [Test worker] TRACE o.s.w.s.m.m.a.RequestMappingHandlerMapping - 
	c.m.a.o.a.AboutController:
	{GET [/about/beliefs]}: beliefsPage(Model)
	{GET [/about/history]}: historyPage(Model)
	{GET [/about/pastor]}: pastorPage(Model)
	{GET [/about/vision]}: visionPage(Model)
2026-05-19 09:35:23 [Test worker] TRACE o.s.w.s.m.m.a.RequestMappingHandlerMapping - 
	c.m.a.o.a.AnnouncementBoardController:
	{POST [/api/news/announcement/update]}: update(BoardDto,List)
	{GET [/api/news/announcement]}: list(int,String,String)
	{POST [/api/news/announcement/delete]}: delete(String)
	{POST [/api/news/announcement/write]}: save(BoardDto,List)
	{GET [/api/news/announcement/view]}: view(String,HttpSession)
	{GET [/api/news/announcement/download]}: download(Long)
	{GET [/api/news/announcement/reply]}: replyForm(String)
	{POST [/api/news/announcement/comment/write]}: writeComment(CommentDto)
	{POST [/api/news/announcement/comment/vote]}: likeComment(Map,HttpSession)
	{POST [/api/news/announcement/view]}: checkPasswordAndView(String,String)
	{GET [/api/news/announcement/write]}: writeForm(String)
2026-05-19 09:35:23 [Test worker] TRACE o.s.w.s.m.m.a.RequestMappingHandlerMapping - 
	c.m.a.o.a.BulletinBoardController:
	{POST [/api/news/bulletin/update]}: update(BoardDto,List)
	{GET [/api/news/bulletin]}: list(int,String,String)
	{POST [/api/news/bulletin/delete]}: delete(String)
	{POST [/api/news/bulletin/write]}: save(BoardDto,List)
	{GET [/api/news/bulletin/view]}: view(String,HttpSession)
	{GET [/api/news/bulletin/download]}: download(Long)
	{GET [/api/news/bulletin/reply]}: replyForm(String)
	{POST [/api/news/bulletin/comment/write]}: writeComment(CommentDto)
	{POST [/api/news/bulletin/comment/vote]}: likeComment(Map,HttpSession)
	{POST [/api/news/bulletin/view]}: checkPasswordAndView(String,String)
	{GET [/api/news/bulletin/write]}: writeForm(String)
2026-05-19 09:35:23 [Test worker] TRACE o.s.w.s.m.m.a.RequestMappingHandlerMapping - 
	c.m.a.o.a.ChildrenBoardController:
	{POST [/api/ministries/children/update]}: update(BoardDto,List)
	{GET [/api/ministries/children]}: list(int,String,String)
	{POST [/api/ministries/children/delete]}: delete(String)
	{POST [/api/ministries/children/write]}: save(BoardDto,List)
	{GET [/api/ministries/children/view]}: view(String,HttpSession)
	{GET [/api/ministries/children/download]}: download(Long)
	{GET [/api/ministries/children/reply]}: replyForm(String)
	{POST [/api/ministries/children/comment/write]}: writeComment(CommentDto)
	{POST [/api/ministries/children/comment/vote]}: likeComment(Map,HttpSession)
	{POST [/api/ministries/children/view]}: checkPasswordAndView(String,String)
	{GET [/api/ministries/children/write]}: writeForm(String)
2026-05-19 09:35:23 [Test worker] TRACE o.s.w.s.m.m.a.RequestMappingHandlerMapping - 
	c.m.a.o.a.MissionBoardController:
	{POST [/api/ministries/mission/update]}: update(BoardDto,List)
	{GET [/api/ministries/mission]}: list(int,String,String)
	{POST [/api/ministries/mission/delete]}: delete(String)
	{POST [/api/ministries/mission/write]}: save(BoardDto,List)
	{GET [/api/ministries/mission/view]}: view(String,HttpSession)
	{GET [/api/ministries/mission/download]}: download(Long)
	{GET [/api/ministries/mission/reply]}: replyForm(String)
	{POST [/api/ministries/mission/comment/write]}: writeComment(CommentDto)
	{POST [/api/ministries/mission/comment/vote]}: likeComment(Map,HttpSession)
	{POST [/api/ministries/mission/view]}: checkPasswordAndView(String,String)
	{GET [/api/ministries/mission/write]}: writeForm(String)
2026-05-19 09:35:23 [Test worker] TRACE o.s.w.s.m.m.a.RequestMappingHandlerMapping - 
	c.m.a.o.a.OfficialQnaBoardController:
	{POST [/api/support/qna/update]}: update(BoardDto,List)
	{GET [/api/support/qna]}: list(int,String,String)
	{POST [/api/support/qna/delete]}: delete(String)
	{POST [/api/support/qna/write]}: save(BoardDto,List)
	{GET [/api/support/qna/view]}: view(String,HttpSession)
	{GET [/api/support/qna/download]}: download(Long)
	{GET [/api/support/qna/reply]}: replyForm(String)
	{POST [/api/support/qna/comment/write]}: writeComment(CommentDto)
	{POST [/api/support/qna/comment/vote]}: likeComment(Map,HttpSession)
	{POST [/api/support/qna/view]}: checkPasswordAndView(String,String)
	{GET [/api/support/qna/write]}: writeForm(String)
2026-05-19 09:35:23 [Test worker] TRACE o.s.w.s.m.m.a.RequestMappingHandlerMapping - 
	c.m.a.o.a.RegistrationBoardController:
	{POST [/api/news/registration/update]}: update(BoardDto,List)
	{GET [/api/news/registration]}: list(int,String,String)
	{POST [/api/news/registration/delete]}: delete(String)
	{POST [/api/news/registration/write]}: save(BoardDto,List)
	{GET [/api/news/registration/view]}: view(String,HttpSession)
	{GET [/api/news/registration/download]}: download(Long)
	{GET [/api/news/registration/reply]}: replyForm(String)
	{POST [/api/news/registration/comment/write]}: writeComment(CommentDto)
	{POST [/api/news/registration/comment/vote]}: likeComment(Map,HttpSession)
	{POST [/api/news/registration/view]}: checkPasswordAndView(String,String)
	{GET [/api/news/registration/write]}: writeForm(String)
2026-05-19 09:35:23 [Test worker] TRACE o.s.w.s.m.m.a.RequestMappingHandlerMapping - 
	c.m.a.o.a.SermonsBoardController:
	{POST [/api/worship/sermons/update]}: update(BoardDto,List)
	{GET [/api/worship/sermons]}: list(int,String,String)
	{POST [/api/worship/sermons/delete]}: delete(String)
	{POST [/api/worship/sermons/write]}: save(BoardDto,List)
	{GET [/api/worship/sermons/view]}: view(String,HttpSession)
	{GET [/api/worship/sermons/download]}: download(Long)
	{GET [/api/worship/sermons/reply]}: replyForm(String)
	{POST [/api/worship/sermons/comment/write]}: writeComment(CommentDto)
	{POST [/api/worship/sermons/comment/vote]}: likeComment(Map,HttpSession)
	{POST [/api/worship/sermons/view]}: checkPasswordAndView(String,String)
	{GET [/api/worship/sermons/write]}: writeForm(String)
2026-05-19 09:35:23 [Test worker] TRACE o.s.w.s.m.m.a.RequestMappingHandlerMapping - 
	c.m.a.o.a.YouthBoardController:
	{POST [/api/ministries/youth/update]}: update(BoardDto,List)
	{GET [/api/ministries/youth]}: list(int,String,String)
	{POST [/api/ministries/youth/delete]}: delete(String)
	{POST [/api/ministries/youth/write]}: save(BoardDto,List)
	{GET [/api/ministries/youth/view]}: view(String,HttpSession)
	{GET [/api/ministries/youth/download]}: download(Long)
	{GET [/api/ministries/youth/reply]}: replyForm(String)
	{POST [/api/ministries/youth/comment/write]}: writeComment(CommentDto)
	{POST [/api/ministries/youth/comment/vote]}: likeComment(Map,HttpSession)
	{POST [/api/ministries/youth/view]}: checkPasswordAndView(String,String)
	{GET [/api/ministries/youth/write]}: writeForm(String)
2026-05-19 09:35:23 [Test worker] TRACE o.s.w.s.m.m.a.RequestMappingHandlerMapping - 
	c.m.a.o.c.MainController:
	{GET [/]}: index(Model,HttpServletRequest)
	{GET [/api/menu/top-menu]}: findTopMenuByPath(String,String)
	{GET [/api/menu/path]}: findMenuByPath(String,String)
	{GET [/api/menu/top]}: getTopMenus(String)
	{GET [/api/menu/hierarchical]}: getHierarchicalMenus(String)
2026-05-19 09:35:23 [Test worker] TRACE o.s.w.s.m.m.a.RequestMappingHandlerMapping - 
	c.m.a.o.m.MinistriesController:
	{GET [/ministries/api/ministries/pages]}: getPages()
	{GET [/ministries/youth]}: youthPage(Model)
	{GET [/ministries/children]}: childrenPage(Model)
	{GET [/ministries/mission]}: missionPage(Model)
2026-05-19 09:35:23 [Test worker] TRACE o.s.w.s.m.m.a.RequestMappingHandlerMapping - 
	c.m.a.o.n.NewsController:
	{GET [/news/announcement]}: announcementPage(Model)
	{GET [/news/event]}: eventPage(Model)
	{GET [/news/registration]}: registrationPage(Model)
	{GET [/news/bulletin]}: bulletinPage(Model)
2026-05-19 09:35:23 [Test worker] TRACE o.s.w.s.m.m.a.RequestMappingHandlerMapping - 
	c.m.a.o.s.SupportController:
	{GET [/support/api/support/pages]}: getPages()
	{GET [/support/location]}: locationPage(Model)
	{GET [/support/qna]}: qnaPage(Model)
	{GET [/support/faq]}: faqPage(Model)
2026-05-19 09:35:23 [Test worker] TRACE o.s.w.s.m.m.a.RequestMappingHandlerMapping - 
	c.m.a.o.w.WorshipController:
	{GET [/worship/api/worship/pages]}: getPages()
	{GET [/worship/live]}: livePage(Model)
	{GET [/worship/sermons]}: sermonsPage(Model)
	{GET [/worship/time]}: timePage(Model)
2026-05-19 09:35:23 [Test worker] TRACE o.s.w.s.m.m.a.RequestMappingHandlerMapping - 
	c.m.a.s.b.BackupController:
	{GET [/system/backup/history]}: historyPage(Model)
	{GET [/system/backup/policy]}: policyPage(Model)
	{GET [/system/backup/api/backup/history]}: getBackupHistoryList(int,int,String)
	{GET [/system/backup/api/backup/policy]}: getBackupPolicyList(int,int)
2026-05-19 09:35:23 [Test worker] TRACE o.s.w.s.m.m.a.RequestMappingHandlerMapping - 
	c.m.a.s.c.ConfigController:
	{GET [/system/config/api/config/menus]}: getMenuList(int,int)
	{GET [/system/config/api/config/codes]}: getCodeList(int,int,String)
	{GET [/system/config/code]}: codePage(Model)
	{GET [/system/config/menu]}: menuPage(Model)
2026-05-19 09:35:23 [Test worker] TRACE o.s.w.s.m.m.a.RequestMappingHandlerMapping - 
	c.m.a.s.c.SystemIndexController:
	{GET [/system]}: index(Model)
	{GET [/system/api/pages]}: getPages()
	{GET [/system/{category}/{page}]}: systemPage(String,String,Model)
2026-05-19 09:35:23 [Test worker] TRACE o.s.w.s.m.m.a.RequestMappingHandlerMapping - 
	c.m.a.s.c.SystemLegacyRedirectController:
	{GET [/log/{page:system|audit}]}: redirectLogLegacy(String)
	{GET [/user/{page:manager|role}]}: redirectUserLegacy(String)
	{GET [/config/{page:code|menu}]}: redirectConfigLegacy(String)
	{GET [/backup/{page:policy|history}]}: redirectBackupLegacy(String)
2026-05-19 09:35:23 [Test worker] TRACE o.s.w.s.m.m.a.RequestMappingHandlerMapping - 
	c.m.a.s.l.LogController:
	{GET [/system/log/system]}: systemPage(Model)
	{GET [/system/log/audit]}: auditPage(Model)
	{GET [/system/log/api/log/system]}: getSystemLogList(int,int,String)
	{GET [/system/log/api/log/audit]}: getAuditLogList(int,int,String)
2026-05-19 09:35:23 [Test worker] TRACE o.s.w.s.m.m.a.RequestMappingHandlerMapping - 
	c.m.a.s.u.UserController:
	{GET [/system/user/manager]}: managerPage(Model)
	{GET [/system/user/api/user/list]}: getUserList(int,int,String)
	{GET [/system/user/role]}: rolePage(Model)
	{GET [/system/user/api/user/roles]}: getRoleList(int,int)
2026-05-19 09:35:23 [Test worker] TRACE o.s.w.s.m.m.a.RequestMappingHandlerMapping - 
	o.s.b.a.w.s.e.BasicErrorController:
	{ [/error]}: error(HttpServletRequest)
	{ [/error], produces [text/html]}: errorHtml(HttpServletRequest,HttpServletResponse)
2026-05-19 09:35:23 [Test worker] DEBUG o.s.w.s.m.m.a.RequestMappingHandlerMapping - 247 mappings in 'requestMappingHandlerMapping'
2026-05-19 09:35:24 [Test worker] DEBUG o.s.w.s.h.SimpleUrlHandlerMapping - Patterns [/webjars/**, /**] in 'resourceHandlerMapping'
2026-05-19 09:35:24 [Test worker] DEBUG o.s.w.s.m.m.a.RequestMappingHandlerAdapter - ControllerAdvice beans: 1 @ModelAttribute, 0 @InitBinder, 1 RequestBodyAdvice, 1 ResponseBodyAdvice
2026-05-19 09:35:24 [Test worker] DEBUG o.s.w.s.m.m.a.ExceptionHandlerExceptionResolver - ControllerAdvice beans: 1 @ExceptionHandler, 1 ResponseBodyAdvice
2026-05-19 09:35:24 [Test worker] INFO  com.main.app.AppApplicationTests - Started AppApplicationTests in 5.674 seconds (process running for 6.82)
2026-05-19 09:35:25 [SpringApplicationShutdownHook] DEBUG o.s.w.c.s.GenericWebApplicationContext - Closing org.springframework.web.context.support.GenericWebApplicationContext@682bd3c4, started on Tue May 19 09:35:19 KST 2026
2026-05-19 09:35:25 [SpringApplicationShutdownHook] INFO  o.s.o.j.LocalContainerEntityManagerFactoryBean - Closing JPA EntityManagerFactory for persistence unit 'default'
2026-05-19 09:35:25 [SpringApplicationShutdownHook] INFO  com.zaxxer.hikari.HikariDataSource - HikariPool-1 - Shutdown initiated...
2026-05-19 09:35:25 [SpringApplicationShutdownHook] INFO  com.zaxxer.hikari.HikariDataSource - HikariPool-1 - Shutdown completed.
